error: Apr-07-2023 11:02:16: 	500 - undefined - ENOENT: no such file or directory, open './assets/cdw_ace23_buddies.json' - /buddy/deleteBuddy - POST - ::1
error: Apr-10-2023 14:12:55: 	invalid operation
error: Apr-10-2023 14:17:30: 	invalid operation
error: Apr-10-2023 14:18:21: 	invalid operation
error: Apr-10-2023 14:24:29: 	invalid operation
info: Apr-10-2023 14:25:20: 	START:: listing All Buddies.
info: Apr-10-2023 14:25:20: 	END:: listing All Buddies
info: Apr-10-2023 14:27:23: 	START:: listing All Buddies.
info: Apr-10-2023 14:27:23: 	END:: listing All Buddies
info: Apr-10-2023 14:30:14: 	START:: listing All Buddies.
info: Apr-10-2023 14:30:14: 	END:: listing All Buddies
info: Apr-10-2023 14:35:30: 	SUCCESS
info: Apr-10-2023 14:35:34: 	START:: listing All Buddies.
info: Apr-10-2023 14:35:34: 	END:: listing All Buddies
info: Apr-10-2023 14:35:34: 	SUCCESS
info: Apr-10-2023 14:41:05: 	SUCCESS
info: Apr-10-2023 14:41:15: 	START:: listing All Buddies.
info: Apr-10-2023 14:41:15: 	END:: listing All Buddies
info: Apr-10-2023 14:41:15: 	SUCCESS
warn: Apr-10-2023 14:44:16: 	Id exists already. /buddy/addBuddy - POST - ::1
info: Apr-10-2023 14:44:16: 	ERROR
info: Apr-10-2023 14:44:22: 	START:: listing All Buddies.
info: Apr-10-2023 14:44:22: 	END:: listing All Buddies
info: Apr-10-2023 14:44:22: 	SUCCESS
info: Apr-10-2023 14:48:49: 	START:: listing All Buddies.
info: Apr-10-2023 14:48:49: 	END:: listing All Buddies
info: Apr-10-2023 14:48:49: 	SUCCESS
info: Apr-10-2023 14:49:09: 	START:: Display Buddies Services. /buddy/listBuddy/1 - GET - ::1
error: Apr-10-2023 14:49:09: 	500 - undefined - Assignment to constant variable. - /buddy/listBuddy/1 - GET - ::1
info: Apr-10-2023 14:49:09: 	END:: Display All Buddies Services. /buddy/listBuddy/1 - GET - ::1
info: Apr-10-2023 14:49:09: 	ERROR
info: Apr-10-2023 14:49:55: 	START:: Display Buddies Services. /buddy/listBuddy/1 - GET - ::1
error: Apr-10-2023 14:49:55: 	500 - undefined - Assignment to constant variable. - /buddy/listBuddy/1 - GET - ::1
info: Apr-10-2023 14:49:55: 	END:: Display All Buddies Services. /buddy/listBuddy/1 - GET - ::1
info: Apr-10-2023 14:49:55: 	ERROR
info: Apr-10-2023 14:50:19: 	START:: Display Buddies Services. /buddy/listBuddy/1 - GET - ::1
error: Apr-10-2023 14:50:19: 	500 - undefined - Assignment to constant variable. - /buddy/listBuddy/1 - GET - ::1
info: Apr-10-2023 14:50:19: 	END:: Display All Buddies Services. /buddy/listBuddy/1 - GET - ::1
info: Apr-10-2023 14:50:19: 	ERROR
info: Apr-10-2023 14:51:52: 	START:: Display Buddies Services. /buddy/listBuddy/1 - GET - ::1
error: Apr-10-2023 14:51:52: 	500 - undefined - Assignment to constant variable. - /buddy/listBuddy/1 - GET - ::1
info: Apr-10-2023 14:51:52: 	END:: Display All Buddies Services. /buddy/listBuddy/1 - GET - ::1
info: Apr-10-2023 14:51:52: 	ERROR
info: Apr-10-2023 14:52:08: 	START:: Display Buddies Services. /buddy/listBuddy/1 - GET - ::1
error: Apr-10-2023 14:52:08: 	500 - undefined - Assignment to constant variable. - /buddy/listBuddy/1 - GET - ::1
info: Apr-10-2023 14:52:08: 	END:: Display All Buddies Services. /buddy/listBuddy/1 - GET - ::1
info: Apr-10-2023 14:52:08: 	ERROR
info: Apr-10-2023 14:52:34: 	START:: Display Buddies Services. /buddy/listBuddy/1 - GET - ::1
error: Apr-10-2023 14:52:34: 	500 - undefined - Assignment to constant variable. - /buddy/listBuddy/1 - GET - ::1
info: Apr-10-2023 14:52:34: 	END:: Display All Buddies Services. /buddy/listBuddy/1 - GET - ::1
info: Apr-10-2023 14:52:34: 	ERROR
info: Apr-10-2023 14:53:03: 	START:: Display Buddies Services. /buddy/listBuddy/1 - GET - ::1
error: Apr-10-2023 14:53:03: 	500 - undefined - Assignment to constant variable. - /buddy/listBuddy/1 - GET - ::1
info: Apr-10-2023 14:53:03: 	END:: Display All Buddies Services. /buddy/listBuddy/1 - GET - ::1
info: Apr-10-2023 14:53:03: 	ERROR
info: Apr-10-2023 14:54:18: 	START:: Display Buddies Services. /buddy/listBuddy/1 - GET - ::1
error: Apr-10-2023 14:54:18: 	500 - undefined - Assignment to constant variable. - /buddy/listBuddy/1 - GET - ::1
info: Apr-10-2023 14:54:18: 	END:: Display All Buddies Services. /buddy/listBuddy/1 - GET - ::1
info: Apr-10-2023 14:54:18: 	ERROR
info: Apr-10-2023 14:54:25: 	START:: Display Buddies Services. /buddy/listBuddy/10 - GET - ::1
error: Apr-10-2023 14:54:25: 	500 - undefined - Assignment to constant variable. - /buddy/listBuddy/10 - GET - ::1
info: Apr-10-2023 14:54:25: 	END:: Display All Buddies Services. /buddy/listBuddy/10 - GET - ::1
info: Apr-10-2023 14:54:25: 	ERROR
info: Apr-10-2023 14:54:36: 	START:: Display Buddies Services. /buddy/listBuddy/10 - GET - ::1
error: Apr-10-2023 14:54:36: 	500 - undefined - Assignment to constant variable. - /buddy/listBuddy/10 - GET - ::1
info: Apr-10-2023 14:54:36: 	END:: Display All Buddies Services. /buddy/listBuddy/10 - GET - ::1
info: Apr-10-2023 14:54:36: 	ERROR
info: Apr-10-2023 14:54:45: 	START:: Display Buddies Services. /buddy/listBuddy/10 - GET - ::1
error: Apr-10-2023 14:54:45: 	500 - undefined - Assignment to constant variable. - /buddy/listBuddy/10 - GET - ::1
info: Apr-10-2023 14:54:45: 	END:: Display All Buddies Services. /buddy/listBuddy/10 - GET - ::1
info: Apr-10-2023 14:54:45: 	ERROR
info: Apr-10-2023 14:54:51: 	START:: Display Buddies Services. /buddy/listBuddy/10 - GET - ::1
error: Apr-10-2023 14:54:51: 	500 - undefined - Assignment to constant variable. - /buddy/listBuddy/10 - GET - ::1
info: Apr-10-2023 14:54:51: 	END:: Display All Buddies Services. /buddy/listBuddy/10 - GET - ::1
info: Apr-10-2023 14:54:51: 	ERROR
info: Apr-10-2023 14:55:04: 	START:: Display Buddies Services. /buddy/listBuddy/1 - GET - ::1
error: Apr-10-2023 14:55:04: 	500 - undefined - Assignment to constant variable. - /buddy/listBuddy/1 - GET - ::1
info: Apr-10-2023 14:55:04: 	END:: Display All Buddies Services. /buddy/listBuddy/1 - GET - ::1
info: Apr-10-2023 14:55:04: 	ERROR
info: Apr-10-2023 14:55:19: 	START:: Display Buddies Services. /buddy/listBuddy/10 - GET - ::1
error: Apr-10-2023 14:55:19: 	500 - undefined - Assignment to constant variable. - /buddy/listBuddy/10 - GET - ::1
info: Apr-10-2023 14:55:19: 	END:: Display All Buddies Services. /buddy/listBuddy/10 - GET - ::1
info: Apr-10-2023 14:55:19: 	ERROR
info: Apr-10-2023 14:57:48: 	START:: Display Buddies Services. /buddy/listBuddy/1 - GET - ::1
error: Apr-10-2023 14:57:48: 	500 - undefined - Assignment to constant variable. - /buddy/listBuddy/1 - GET - ::1
info: Apr-10-2023 14:57:48: 	END:: Display All Buddies Services. /buddy/listBuddy/1 - GET - ::1
info: Apr-10-2023 14:57:48: 	ERROR
info: Apr-10-2023 14:59:03: 	START:: Display Buddies Services. /buddy/listBuddy/1 - GET - ::1
error: Apr-10-2023 14:59:03: 	500 - undefined - Assignment to constant variable. - /buddy/listBuddy/1 - GET - ::1
info: Apr-10-2023 14:59:03: 	END:: Display All Buddies Services. /buddy/listBuddy/1 - GET - ::1
info: Apr-10-2023 14:59:03: 	ERROR
info: Apr-10-2023 14:59:53: 	START:: Display Buddies Services. /buddy/listBuddy/1 - GET - ::1
error: Apr-10-2023 14:59:53: 	500 - undefined - Assignment to constant variable. - /buddy/listBuddy/1 - GET - ::1
info: Apr-10-2023 14:59:53: 	END:: Display All Buddies Services. /buddy/listBuddy/1 - GET - ::1
info: Apr-10-2023 14:59:53: 	ERROR
info: Apr-10-2023 15:00:15: 	START:: Display Buddies Services. /buddy/listBuddy/1 - GET - ::1
error: Apr-10-2023 15:00:15: 	500 - undefined - Assignment to constant variable. - /buddy/listBuddy/1 - GET - ::1
info: Apr-10-2023 15:00:15: 	END:: Display All Buddies Services. /buddy/listBuddy/1 - GET - ::1
info: Apr-10-2023 15:00:15: 	ERROR
info: Apr-10-2023 15:00:16: 	START:: Display Buddies Services. /buddy/listBuddy/1 - GET - ::1
error: Apr-10-2023 15:00:16: 	500 - undefined - Assignment to constant variable. - /buddy/listBuddy/1 - GET - ::1
info: Apr-10-2023 15:00:16: 	END:: Display All Buddies Services. /buddy/listBuddy/1 - GET - ::1
info: Apr-10-2023 15:00:16: 	ERROR
info: Apr-10-2023 15:01:31: 	START:: Display Buddies Services. /buddy/listBuddy/1 - GET - ::1
info: Apr-10-2023 15:01:31: 	END:: Display All Buddies Services. /buddy/listBuddy/1 - GET - ::1
info: Apr-10-2023 15:01:31: 	ERROR
info: Apr-10-2023 15:01:55: 	START:: Display Buddies Services. /buddy/listBuddy/1 - GET - ::1
info: Apr-10-2023 15:01:55: 	END:: Display All Buddies Services. /buddy/listBuddy/1 - GET - ::1
info: Apr-10-2023 15:01:55: 	ERROR
info: Apr-10-2023 15:02:21: 	START:: Display Buddies Services. /buddy/listBuddy/1 - GET - ::1
info: Apr-10-2023 15:02:21: 	END:: Display All Buddies Services. /buddy/listBuddy/1 - GET - ::1
info: Apr-10-2023 15:02:21: 	SUCCESS
info: Apr-10-2023 15:02:35: 	ERROR
info: Apr-10-2023 15:05:38: 	ERROR
info: Apr-10-2023 15:06:24: 	SUCCESS
info: Apr-10-2023 15:06:30: 	SUCCESS
error: Apr-10-2023 15:06:43: 	invalid operation
error: Apr-10-2023 15:10:01: 	invalid operation
error: Apr-10-2023 15:15:58: 	invalid operation
error: Apr-10-2023 15:17:30: 	invalid operation
info: Apr-10-2023 15:18:35: 	START:: Edit Buddy Details Services. /buddy/updateBuddy/1 - PUT - ::1
info: Apr-10-2023 15:18:35: 	ERROR
error: Apr-10-2023 15:19:03: 	invalid operation
info: Apr-10-2023 15:19:22: 	START:: Display Buddies Services. /buddy/1 - GET - ::1
info: Apr-10-2023 15:19:22: 	END:: Display All Buddies Services. /buddy/1 - GET - ::1
info: Apr-10-2023 15:19:22: 	SUCCESS
info: Apr-10-2023 15:19:28: 	START:: listing All Buddies.
info: Apr-10-2023 15:19:28: 	END:: listing All Buddies
info: Apr-10-2023 15:19:28: 	SUCCESS
info: Apr-10-2023 15:19:33: 	SUCCESS
info: Apr-10-2023 15:19:50: 	SUCCESS
info: Apr-10-2023 15:19:53: 	START:: Edit Buddy Details Services. /buddy/1 - PUT - ::1
info: Apr-10-2023 15:19:53: 	ERROR
info: Apr-10-2023 15:20:03: 	START:: listing All Buddies.
info: Apr-10-2023 15:20:03: 	END:: listing All Buddies
info: Apr-10-2023 15:20:03: 	SUCCESS
info: Apr-10-2023 15:20:17: 	SUCCESS
info: Apr-10-2023 15:20:25: 	SUCCESS
info: Apr-10-2023 15:20:28: 	START:: listing All Buddies.
info: Apr-10-2023 15:20:28: 	END:: listing All Buddies
info: Apr-10-2023 15:20:28: 	SUCCESS
info: Apr-10-2023 15:22:15: 	START:: Edit Buddy Details Services. /buddy/1 - PUT - ::1
info: Apr-10-2023 15:22:15: 	SUCCESS
error: Apr-11-2023 12:14:57: 	invalid operation
error: Apr-11-2023 12:14:57: 	invalid operation
error: Apr-11-2023 12:14:58: 	invalid operation
error: Apr-11-2023 12:14:58: 	invalid operation
error: Apr-11-2023 12:15:02: 	invalid operation
error: Apr-11-2023 12:15:02: 	invalid operation
error: Apr-11-2023 12:15:02: 	invalid operation
error: Apr-11-2023 12:15:09: 	invalid operation
error: Apr-11-2023 12:15:10: 	invalid operation
error: Apr-11-2023 12:15:11: 	invalid operation
error: Apr-11-2023 12:15:11: 	invalid operation
error: Apr-11-2023 12:15:11: 	invalid operation
error: Apr-11-2023 12:15:11: 	invalid operation
error: Apr-11-2023 12:15:11: 	invalid operation
error: Apr-11-2023 12:15:12: 	invalid operation
error: Apr-11-2023 12:15:12: 	invalid operation
error: Apr-11-2023 12:15:12: 	invalid operation
error: Apr-11-2023 12:15:13: 	invalid operation
error: Apr-11-2023 12:15:13: 	invalid operation
error: Apr-11-2023 12:15:14: 	invalid operation
error: Apr-11-2023 12:15:14: 	invalid operation
error: Apr-11-2023 12:15:14: 	invalid operation
error: Apr-11-2023 12:15:14: 	invalid operation
error: Apr-11-2023 12:15:14: 	invalid operation
error: Apr-11-2023 12:15:15: 	invalid operation
error: Apr-11-2023 12:15:15: 	invalid operation
error: Apr-11-2023 12:15:15: 	invalid operation
error: Apr-11-2023 12:15:15: 	invalid operation
error: Apr-11-2023 12:15:15: 	invalid operation
error: Apr-11-2023 12:15:16: 	invalid operation
error: Apr-11-2023 12:15:16: 	invalid operation
error: Apr-11-2023 12:15:16: 	invalid operation
error: Apr-11-2023 12:15:16: 	invalid operation
error: Apr-11-2023 12:15:16: 	invalid operation
error: Apr-11-2023 12:15:17: 	invalid operation
error: Apr-11-2023 12:15:17: 	invalid operation
error: Apr-11-2023 12:15:17: 	invalid operation
error: Apr-11-2023 12:15:17: 	invalid operation
error: Apr-11-2023 12:15:18: 	invalid operation
error: Apr-11-2023 12:15:18: 	invalid operation
error: Apr-11-2023 12:15:18: 	invalid operation
error: Apr-11-2023 12:15:18: 	invalid operation
error: Apr-11-2023 12:15:18: 	invalid operation
error: Apr-11-2023 12:15:19: 	invalid operation
error: Apr-11-2023 12:15:19: 	invalid operation
error: Apr-11-2023 12:15:19: 	invalid operation
error: Apr-11-2023 12:15:19: 	invalid operation
error: Apr-11-2023 12:15:19: 	invalid operation
error: Apr-11-2023 12:15:19: 	invalid operation
error: Apr-11-2023 12:15:20: 	invalid operation
error: Apr-11-2023 12:15:20: 	invalid operation
error: Apr-11-2023 12:15:20: 	invalid operation
error: Apr-11-2023 12:15:20: 	invalid operation
error: Apr-11-2023 12:15:20: 	invalid operation
error: Apr-11-2023 12:15:21: 	invalid operation
error: Apr-11-2023 12:15:21: 	invalid operation
error: Apr-11-2023 12:15:21: 	invalid operation
error: Apr-11-2023 12:15:21: 	invalid operation
error: Apr-11-2023 12:15:21: 	invalid operation
error: Apr-11-2023 12:15:21: 	invalid operation
error: Apr-11-2023 12:15:21: 	invalid operation
error: Apr-11-2023 12:15:22: 	invalid operation
error: Apr-11-2023 12:15:22: 	invalid operation
error: Apr-11-2023 12:15:22: 	invalid operation
error: Apr-11-2023 12:15:22: 	invalid operation
error: Apr-11-2023 12:15:22: 	invalid operation
error: Apr-11-2023 12:15:22: 	invalid operation
error: Apr-11-2023 12:15:23: 	invalid operation
error: Apr-11-2023 12:15:23: 	invalid operation
error: Apr-11-2023 12:15:23: 	invalid operation
error: Apr-11-2023 12:15:24: 	invalid operation
error: Apr-11-2023 12:15:24: 	invalid operation
error: Apr-11-2023 12:15:24: 	invalid operation
error: Apr-11-2023 12:15:25: 	invalid operation
error: Apr-11-2023 12:15:25: 	invalid operation
error: Apr-11-2023 12:15:25: 	invalid operation
error: Apr-11-2023 12:15:25: 	invalid operation
error: Apr-11-2023 12:15:26: 	invalid operation
error: Apr-11-2023 12:15:26: 	invalid operation
error: Apr-11-2023 12:15:26: 	invalid operation
error: Apr-11-2023 12:15:27: 	invalid operation
error: Apr-11-2023 12:15:27: 	invalid operation
error: Apr-11-2023 12:15:27: 	invalid operation
error: Apr-11-2023 12:15:27: 	invalid operation
error: Apr-11-2023 12:15:28: 	invalid operation
error: Apr-11-2023 12:15:28: 	invalid operation
error: Apr-11-2023 12:15:28: 	invalid operation
error: Apr-11-2023 12:15:28: 	invalid operation
error: Apr-11-2023 12:15:28: 	invalid operation
error: Apr-11-2023 12:15:28: 	invalid operation
error: Apr-11-2023 12:15:28: 	invalid operation
error: Apr-11-2023 12:15:28: 	invalid operation
error: Apr-11-2023 12:15:29: 	invalid operation
error: Apr-11-2023 12:15:29: 	invalid operation
error: Apr-11-2023 12:15:29: 	invalid operation
error: Apr-11-2023 12:15:29: 	invalid operation
error: Apr-11-2023 12:15:29: 	invalid operation
error: Apr-11-2023 12:15:29: 	invalid operation
error: Apr-11-2023 12:15:29: 	invalid operation
error: Apr-11-2023 12:15:29: 	invalid operation
error: Apr-11-2023 12:15:29: 	invalid operation
error: Apr-11-2023 12:15:29: 	invalid operation
error: Apr-11-2023 12:15:30: 	invalid operation
error: Apr-11-2023 12:15:30: 	invalid operation
error: Apr-11-2023 12:15:30: 	invalid operation
error: Apr-11-2023 12:15:30: 	invalid operation
error: Apr-11-2023 12:15:30: 	invalid operation
error: Apr-11-2023 12:15:30: 	invalid operation
error: Apr-11-2023 12:15:30: 	invalid operation
error: Apr-11-2023 12:15:30: 	invalid operation
error: Apr-11-2023 12:15:31: 	invalid operation
error: Apr-11-2023 12:15:31: 	invalid operation
error: Apr-11-2023 12:15:31: 	invalid operation
error: Apr-11-2023 12:15:31: 	invalid operation
error: Apr-11-2023 12:15:31: 	invalid operation
error: Apr-11-2023 12:15:31: 	invalid operation
error: Apr-11-2023 12:15:31: 	invalid operation
error: Apr-11-2023 12:15:31: 	invalid operation
error: Apr-11-2023 12:15:31: 	invalid operation
error: Apr-11-2023 12:15:32: 	invalid operation
error: Apr-11-2023 12:15:32: 	invalid operation
error: Apr-11-2023 12:15:32: 	invalid operation
error: Apr-11-2023 12:15:32: 	invalid operation
error: Apr-11-2023 12:15:32: 	invalid operation
error: Apr-11-2023 12:15:32: 	invalid operation
error: Apr-11-2023 12:15:32: 	invalid operation
error: Apr-11-2023 12:15:33: 	invalid operation
error: Apr-11-2023 12:15:33: 	invalid operation
error: Apr-11-2023 12:15:33: 	invalid operation
error: Apr-11-2023 12:15:33: 	invalid operation
error: Apr-11-2023 12:15:33: 	invalid operation
error: Apr-11-2023 12:15:33: 	invalid operation
error: Apr-11-2023 12:15:34: 	invalid operation
error: Apr-11-2023 12:15:34: 	invalid operation
error: Apr-11-2023 12:15:34: 	invalid operation
error: Apr-11-2023 12:15:34: 	invalid operation
error: Apr-11-2023 12:15:34: 	invalid operation
error: Apr-11-2023 12:15:34: 	invalid operation
error: Apr-11-2023 12:15:34: 	invalid operation
error: Apr-11-2023 12:15:34: 	invalid operation
error: Apr-11-2023 12:15:34: 	invalid operation
error: Apr-11-2023 12:15:35: 	invalid operation
error: Apr-11-2023 12:15:35: 	invalid operation
error: Apr-11-2023 12:15:35: 	invalid operation
error: Apr-11-2023 12:15:35: 	invalid operation
error: Apr-11-2023 12:15:35: 	invalid operation
error: Apr-11-2023 12:15:35: 	invalid operation
error: Apr-11-2023 12:15:35: 	invalid operation
error: Apr-11-2023 12:15:35: 	invalid operation
error: Apr-11-2023 12:15:35: 	invalid operation
error: Apr-11-2023 12:15:35: 	invalid operation
error: Apr-11-2023 12:15:35: 	invalid operation
error: Apr-11-2023 12:15:36: 	invalid operation
error: Apr-11-2023 12:15:36: 	invalid operation
error: Apr-11-2023 12:15:36: 	invalid operation
error: Apr-11-2023 12:15:36: 	invalid operation
error: Apr-11-2023 12:15:36: 	invalid operation
error: Apr-11-2023 12:15:36: 	invalid operation
error: Apr-11-2023 12:22:41: 	invalid operation
error: Apr-11-2023 12:22:42: 	invalid operation
error: Apr-11-2023 12:22:42: 	invalid operation
error: Apr-11-2023 12:22:43: 	invalid operation
error: Apr-11-2023 12:22:43: 	invalid operation
error: Apr-11-2023 12:22:43: 	invalid operation
error: Apr-11-2023 12:22:44: 	invalid operation
error: Apr-11-2023 12:22:44: 	invalid operation
error: Apr-11-2023 12:22:44: 	invalid operation
error: Apr-11-2023 12:22:44: 	invalid operation
error: Apr-11-2023 12:22:45: 	invalid operation
error: Apr-11-2023 12:22:45: 	invalid operation
error: Apr-11-2023 12:22:45: 	invalid operation
error: Apr-11-2023 12:22:45: 	invalid operation
error: Apr-11-2023 12:22:45: 	invalid operation
error: Apr-11-2023 12:22:45: 	invalid operation
error: Apr-11-2023 12:22:45: 	invalid operation
error: Apr-11-2023 12:22:46: 	invalid operation
error: Apr-11-2023 12:22:46: 	invalid operation
error: Apr-11-2023 12:22:46: 	invalid operation
error: Apr-11-2023 12:22:46: 	invalid operation
error: Apr-11-2023 12:22:46: 	invalid operation
error: Apr-11-2023 12:22:46: 	invalid operation
error: Apr-11-2023 12:22:46: 	invalid operation
error: Apr-11-2023 12:22:47: 	invalid operation
error: Apr-11-2023 12:22:47: 	invalid operation
error: Apr-11-2023 12:22:48: 	invalid operation
info: Apr-11-2023 20:31:02: 	START :: Add Buddy controller
info: Apr-11-2023 20:32:57: 	START :: Add Buddy controller
info: Apr-11-2023 20:32:57: 	END :: Add Buddy controller
info: Apr-11-2023 20:33:48: 	START :: Add Buddy controller
info: Apr-11-2023 20:33:48: 	END :: Add Buddy controller
info: Apr-11-2023 20:33:56: 	START :: Add Buddy controller
info: Apr-11-2023 20:33:56: 	END :: Add Buddy controller
info: Apr-11-2023 20:34:47: 	START :: Add Buddy controller
info: Apr-11-2023 20:34:47: 	END :: Add Buddy controller
info: Apr-11-2023 20:35:45: 	START :: Add Buddy controller
info: Apr-11-2023 20:35:56: 	START :: Add Buddy controller
info: Apr-11-2023 20:35:56: 	END :: Add Buddy controller
info: Apr-11-2023 20:36:31: 	START :: Add Buddy controller
info: Apr-11-2023 20:36:31: 	END :: Add Buddy controller
info: Apr-11-2023 20:37:07: 	START :: Add Buddy controller
info: Apr-11-2023 20:37:07: 	END :: Add Buddy controller
info: Apr-11-2023 20:37:58: 	START :: List all Buddy controller
info: Apr-11-2023 20:37:58: 	START:: listing All Buddies service
info: Apr-11-2023 20:37:58: 	END:: listing All Buddies service
info: Apr-11-2023 20:37:58: 	SUCCESS
info: Apr-11-2023 20:37:58: 	END :: List all Buddy controller
info: Apr-11-2023 20:38:25: 	START :: List Buddy controller
info: Apr-11-2023 20:38:25: 	END :: List Buddy controller
info: Apr-11-2023 20:38:25: 	START:: List Buddy Service
info: Apr-11-2023 20:38:25: 	END:: List Buddy service
info: Apr-11-2023 20:38:25: 	SUCCESS
info: Apr-11-2023 20:38:42: 	START :: Update Buddy controller
info: Apr-11-2023 20:39:33: 	START :: Update Buddy controller
info: Apr-11-2023 20:39:33: 	END :: update Buddy controller
info: Apr-11-2023 20:41:26: 	START :: Add Buddy controller
info: Apr-11-2023 20:41:26: 	START:: Add Buddy service
warn: Apr-11-2023 20:41:26: 	Id exists already. /buddy/ - POST - ::1
info: Apr-11-2023 20:41:26: 	END :: Add Buddy service
info: Apr-11-2023 20:41:26: 	ERROR
info: Apr-11-2023 20:41:26: 	END :: Add Buddy controller
info: Apr-11-2023 20:42:08: 	START :: Update Buddy controller
info: Apr-11-2023 20:42:08: 	END :: update Buddy controller
info: Apr-11-2023 20:42:23: 	START :: Update Buddy controller
info: Apr-11-2023 20:42:23: 	END :: update Buddy controller
info: Apr-11-2023 20:43:29: 	START :: Add Buddy controller
info: Apr-11-2023 20:43:29: 	START:: Add Buddy service
warn: Apr-11-2023 20:43:29: 	Id exists already. /buddy/ - POST - ::1
info: Apr-11-2023 20:43:29: 	END :: Add Buddy service
info: Apr-11-2023 20:43:29: 	ERROR
info: Apr-11-2023 20:43:29: 	END :: Add Buddy controller
info: Apr-11-2023 20:43:38: 	START :: Update Buddy controller
info: Apr-11-2023 20:43:38: 	START:: Edit Buddy Services
info: Apr-11-2023 20:43:38: 	END :: Edit Buddy Services
info: Apr-11-2023 20:43:38: 	SUCCESS
info: Apr-11-2023 20:43:38: 	END :: update Buddy controller
info: Apr-11-2023 20:44:13: 	START :: Add Buddy controller
info: Apr-11-2023 20:44:13: 	START:: Add Buddy service
warn: Apr-11-2023 20:44:13: 	Id exists already. /buddy/ - POST - ::1
info: Apr-11-2023 20:44:13: 	END :: Add Buddy service
info: Apr-11-2023 20:44:13: 	ERROR
info: Apr-11-2023 20:44:13: 	END :: Add Buddy controller
info: Apr-11-2023 20:44:28: 	START :: Add Buddy controller
info: Apr-11-2023 20:44:28: 	START:: Add Buddy service
warn: Apr-11-2023 20:44:28: 	Id exists already. /buddy/ - POST - ::1
info: Apr-11-2023 20:44:28: 	END :: Add Buddy service
info: Apr-11-2023 20:44:28: 	ERROR
info: Apr-11-2023 20:44:28: 	END :: Add Buddy controller
info: Apr-11-2023 20:45:46: 	START :: Add Buddy controller
info: Apr-11-2023 20:45:46: 	START:: Add Buddy service
warn: Apr-11-2023 20:45:46: 	Id exists already. /buddy/ - POST - ::1
info: Apr-11-2023 20:45:46: 	END :: Add Buddy service
info: Apr-11-2023 20:45:46: 	ERROR
info: Apr-11-2023 20:45:46: 	END :: Add Buddy controller
info: Apr-12-2023 15:25:31: 	START :: Add Buddy controller
info: Apr-12-2023 15:25:31: 	START:: Add Buddy service
warn: Apr-12-2023 15:25:31: 	Id exists already. /buddy/ - POST - ::1
info: Apr-12-2023 15:25:31: 	END :: Add Buddy service
info: Apr-12-2023 15:25:31: 	ERROR
info: Apr-12-2023 15:25:31: 	END :: Add Buddy controller
info: Apr-12-2023 15:25:43: 	START :: List all Buddy controller
info: Apr-12-2023 15:25:43: 	START:: listing All Buddies service
info: Apr-12-2023 15:25:43: 	END:: listing All Buddies service
info: Apr-12-2023 15:25:43: 	SUCCESS
info: Apr-12-2023 15:25:43: 	END :: List all Buddy controller
info: Apr-12-2023 15:51:10: 	START :: Add Buddy controller
info: Apr-12-2023 15:51:10: 	START:: Add Buddy service
warn: Apr-12-2023 15:51:10: 	Id exists already. /buddy/ - POST - ::1
info: Apr-12-2023 15:51:10: 	END :: Add Buddy service
info: Apr-12-2023 15:51:10: 	ERROR
info: Apr-12-2023 15:51:10: 	END :: Add Buddy controller
info: Apr-12-2023 15:51:32: 	START :: Add Buddy controller
info: Apr-12-2023 15:51:32: 	START:: Add Buddy service
info: Apr-12-2023 15:51:32: 	END :: Add Buddy service
info: Apr-12-2023 15:51:32: 	SUCCESS
info: Apr-12-2023 15:51:32: 	END :: Add Buddy controller
info: Apr-12-2023 15:51:41: 	START :: List all Buddy controller
info: Apr-12-2023 15:51:41: 	START:: listing All Buddies service
info: Apr-12-2023 15:51:41: 	END:: listing All Buddies service
info: Apr-12-2023 15:51:41: 	SUCCESS
info: Apr-12-2023 15:51:41: 	END :: List all Buddy controller
info: Apr-12-2023 15:52:50: 	START :: List all Buddy controller
info: Apr-12-2023 15:52:50: 	START:: listing All Buddies service
info: Apr-12-2023 15:52:50: 	END:: listing All Buddies service
info: Apr-12-2023 15:52:50: 	SUCCESS
info: Apr-12-2023 15:52:50: 	END :: List all Buddy controller
info: Apr-12-2023 15:57:15: 	START :: Add Buddy controller
info: Apr-12-2023 15:57:15: 	START:: Add Buddy service
warn: Apr-12-2023 15:57:15: 	Id exists already. /buddy/ - POST - ::1
info: Apr-12-2023 15:57:15: 	END :: Add Buddy service
info: Apr-12-2023 15:57:15: 	ERROR
info: Apr-12-2023 15:57:15: 	END :: Add Buddy controller
info: Apr-12-2023 15:57:29: 	START :: Add Buddy controller
info: Apr-12-2023 15:57:29: 	START:: Add Buddy service
info: Apr-12-2023 15:57:29: 	END :: Add Buddy service
info: Apr-12-2023 15:57:29: 	SUCCESS
info: Apr-12-2023 15:57:29: 	END :: Add Buddy controller
info: Apr-12-2023 15:57:36: 	START :: List all Buddy controller
info: Apr-12-2023 15:57:36: 	START:: listing All Buddies service
info: Apr-12-2023 15:57:36: 	END:: listing All Buddies service
info: Apr-12-2023 15:57:36: 	SUCCESS
info: Apr-12-2023 15:57:36: 	END :: List all Buddy controller
info: Apr-12-2023 15:58:27: 	START :: List all Buddy controller
info: Apr-12-2023 15:58:27: 	START:: listing All Buddies service
info: Apr-12-2023 15:58:27: 	END:: listing All Buddies service
info: Apr-12-2023 15:58:27: 	SUCCESS
info: Apr-12-2023 15:58:27: 	END :: List all Buddy controller
info: Apr-12-2023 15:58:41: 	START :: List all Buddy controller
info: Apr-12-2023 15:58:41: 	START:: listing All Buddies service
info: Apr-12-2023 15:58:41: 	END:: listing All Buddies service
info: Apr-12-2023 15:58:41: 	SUCCESS
info: Apr-12-2023 15:58:41: 	END :: List all Buddy controller
info: Apr-12-2023 15:58:48: 	START :: List all Buddy controller
info: Apr-12-2023 15:58:48: 	START:: listing All Buddies service
info: Apr-12-2023 15:58:48: 	END:: listing All Buddies service
info: Apr-12-2023 15:58:48: 	SUCCESS
info: Apr-12-2023 15:58:48: 	END :: List all Buddy controller
info: Apr-12-2023 16:04:16: 	START :: List all Buddy controller
info: Apr-12-2023 16:04:16: 	START:: listing All Buddies service
info: Apr-12-2023 16:04:16: 	END:: listing All Buddies service
info: Apr-12-2023 16:04:16: 	SUCCESS
info: Apr-12-2023 16:04:16: 	END :: List all Buddy controller
info: Apr-12-2023 16:04:25: 	START :: List all Buddy controller
info: Apr-12-2023 16:04:25: 	START:: listing All Buddies service
info: Apr-12-2023 16:04:25: 	END:: listing All Buddies service
info: Apr-12-2023 16:04:25: 	SUCCESS
info: Apr-12-2023 16:04:25: 	END :: List all Buddy controller
info: Apr-12-2023 16:05:00: 	START :: List Buddy controller
info: Apr-12-2023 16:05:00: 	START:: List Buddy Service
info: Apr-12-2023 16:05:00: 	END:: List Buddy service
info: Apr-12-2023 16:05:00: 	ERROR
info: Apr-12-2023 16:05:00: 	END :: List Buddy controller
info: Apr-12-2023 16:05:33: 	START :: List Buddy controller
info: Apr-12-2023 16:05:33: 	START:: List Buddy Service
info: Apr-12-2023 16:05:33: 	END:: List Buddy service
info: Apr-12-2023 16:05:33: 	ERROR
info: Apr-12-2023 16:05:33: 	END :: List Buddy controller
info: Apr-12-2023 16:06:49: 	START :: List Buddy controller
info: Apr-12-2023 16:06:49: 	START:: List Buddy Service
info: Apr-12-2023 16:06:49: 	END:: List Buddy service
info: Apr-12-2023 16:06:49: 	SUCCESS
info: Apr-12-2023 16:06:49: 	END :: List Buddy controller
info: Apr-12-2023 16:07:07: 	START :: List Buddy controller
info: Apr-12-2023 16:07:07: 	START:: List Buddy Service
info: Apr-12-2023 16:07:07: 	END:: List Buddy service
info: Apr-12-2023 16:07:07: 	SUCCESS
info: Apr-12-2023 16:07:07: 	END :: List Buddy controller
info: Apr-12-2023 16:11:36: 	START :: List all Buddy controller
info: Apr-12-2023 16:11:36: 	START:: listing All Buddies service
info: Apr-12-2023 16:11:36: 	END:: listing All Buddies service
info: Apr-12-2023 16:11:36: 	SUCCESS
info: Apr-12-2023 16:11:36: 	END :: List all Buddy controller
info: Apr-12-2023 16:12:31: 	START :: List Buddy controller
info: Apr-12-2023 16:12:31: 	START:: List Buddy Service
info: Apr-12-2023 16:12:31: 	END:: List Buddy service
info: Apr-12-2023 16:12:31: 	SUCCESS
info: Apr-12-2023 16:12:31: 	END :: List Buddy controller
info: Apr-12-2023 16:15:22: 	START :: Delete Buddy controller
info: Apr-12-2023 16:15:22: 	START:: Delete Buddy service
info: Apr-12-2023 16:15:22: 	END:: Delete Buddy service
info: Apr-12-2023 16:15:22: 	SUCCESS
info: Apr-12-2023 16:15:22: 	END :: Delete Buddy controller
info: Apr-12-2023 16:15:40: 	START :: Update Buddy controller
info: Apr-12-2023 16:15:40: 	START:: Edit Buddy Services
info: Apr-12-2023 16:15:40: 	END :: Edit Buddy Services
info: Apr-12-2023 16:15:40: 	ERROR
info: Apr-12-2023 16:15:40: 	END :: update Buddy controller
info: Apr-12-2023 16:17:10: 	START :: Update Buddy controller
info: Apr-12-2023 16:17:10: 	START:: Edit Buddy Services
info: Apr-12-2023 16:17:10: 	END :: Edit Buddy Services
info: Apr-12-2023 16:17:10: 	ERROR
info: Apr-12-2023 16:17:10: 	END :: update Buddy controller
info: Apr-12-2023 16:18:53: 	START :: Update Buddy controller
info: Apr-12-2023 16:18:53: 	START:: Edit Buddy Services
info: Apr-12-2023 16:18:53: 	END :: Edit Buddy Services
info: Apr-12-2023 16:18:53: 	SUCCESS
info: Apr-12-2023 16:18:53: 	END :: update Buddy controller
info: Apr-12-2023 16:39:08: 	START :: Add Buddy controller
info: Apr-12-2023 16:39:08: 	START:: Add Buddy service
warn: Apr-12-2023 16:39:08: 	Id exists already. /buddy/ - POST - ::1
info: Apr-12-2023 16:39:08: 	END :: Add Buddy service
info: Apr-12-2023 16:39:08: 	ERROR
info: Apr-12-2023 16:39:08: 	END :: Add Buddy controller
info: Apr-12-2023 16:39:13: 	START :: Delete Buddy controller
info: Apr-12-2023 16:39:13: 	START:: Delete Buddy service
info: Apr-12-2023 16:39:13: 	END:: Delete Buddy service
info: Apr-12-2023 16:39:13: 	ERROR
info: Apr-12-2023 16:39:13: 	END :: Delete Buddy controller
info: Apr-12-2023 16:39:15: 	START :: List all Buddy controller
info: Apr-12-2023 16:39:15: 	START:: listing All Buddies service
info: Apr-12-2023 16:39:15: 	END:: listing All Buddies service
info: Apr-12-2023 16:39:15: 	SUCCESS
info: Apr-12-2023 16:39:15: 	END :: List all Buddy controller
info: Apr-12-2023 16:39:18: 	START :: List Buddy controller
info: Apr-12-2023 16:39:18: 	START:: List Buddy Service
info: Apr-12-2023 16:39:18: 	END:: List Buddy service
info: Apr-12-2023 16:39:18: 	SUCCESS
info: Apr-12-2023 16:39:18: 	END :: List Buddy controller
info: Apr-12-2023 16:39:24: 	START :: Delete Buddy controller
info: Apr-12-2023 16:39:24: 	START:: Delete Buddy service
info: Apr-12-2023 16:39:24: 	END:: Delete Buddy service
info: Apr-12-2023 16:39:24: 	SUCCESS
info: Apr-12-2023 16:39:24: 	END :: Delete Buddy controller
info: Apr-12-2023 16:43:35: 	START :: Add Buddy controller
info: Apr-12-2023 16:43:35: 	START:: Add Buddy service
info: Apr-12-2023 16:43:35: 	END :: Add Buddy service
info: Apr-12-2023 16:43:35: 	SUCCESS
info: Apr-12-2023 16:43:35: 	END :: Add Buddy controller
info: Apr-12-2023 16:43:54: 	START :: List all Buddy controller
info: Apr-12-2023 16:43:54: 	START:: listing All Buddies service
info: Apr-12-2023 16:43:54: 	END:: listing All Buddies service
info: Apr-12-2023 16:43:54: 	SUCCESS
info: Apr-12-2023 16:43:54: 	END :: List all Buddy controller
info: Apr-12-2023 16:43:59: 	START :: Add Buddy controller
info: Apr-12-2023 16:43:59: 	START:: Add Buddy service
info: Apr-12-2023 16:43:59: 	END :: Add Buddy service
info: Apr-12-2023 16:43:59: 	SUCCESS
info: Apr-12-2023 16:43:59: 	END :: Add Buddy controller
info: Apr-12-2023 16:44:02: 	START :: List Buddy controller
info: Apr-12-2023 16:44:02: 	START:: List Buddy Service
info: Apr-12-2023 16:44:02: 	END:: List Buddy service
info: Apr-12-2023 16:44:02: 	SUCCESS
info: Apr-12-2023 16:44:02: 	END :: List Buddy controller
info: Apr-12-2023 16:44:05: 	START :: List all Buddy controller
info: Apr-12-2023 16:44:05: 	START:: listing All Buddies service
info: Apr-12-2023 16:44:05: 	END:: listing All Buddies service
info: Apr-12-2023 16:44:05: 	SUCCESS
info: Apr-12-2023 16:44:05: 	END :: List all Buddy controller
info: Apr-12-2023 19:22:48: 	START :: Add Buddy controller
info: Apr-12-2023 19:22:48: 	START:: Add Buddy service
error: Apr-12-2023 19:22:48: 	500 - undefined - body is not defined - /buddy/ - POST - ::1
info: Apr-12-2023 19:24:26: 	START :: Add Buddy controller
info: Apr-12-2023 19:24:26: 	START:: Add Buddy service
error: Apr-12-2023 19:24:26: 	500 - undefined - body is not defined - /buddy/ - POST - ::1
info: Apr-12-2023 19:25:26: 	START :: Add Buddy controller
info: Apr-12-2023 19:25:26: 	START:: Add Buddy service
error: Apr-12-2023 19:25:26: 	500 - undefined - body is not defined - /buddy/ - POST - ::1
info: Apr-12-2023 19:26:35: 	START :: Add Buddy controller
info: Apr-12-2023 19:26:35: 	START:: Add Buddy service
error: Apr-12-2023 19:26:35: 	500 - undefined - body is not defined - /buddy/ - POST - ::1
info: Apr-12-2023 19:26:35: 	ERROR
info: Apr-12-2023 19:26:35: 	END :: Add Buddy controller
info: Apr-12-2023 19:27:29: 	START :: Add Buddy controller
info: Apr-12-2023 19:27:29: 	START:: Add Buddy service
error: Apr-12-2023 19:27:29: 	500 - undefined - body is not defined - /buddy/ - POST - ::1
info: Apr-12-2023 19:27:29: 	ERROR
info: Apr-12-2023 19:27:29: 	END :: Add Buddy controller
info: Apr-12-2023 19:28:57: 	START :: Add Buddy controller
info: Apr-12-2023 19:28:57: 	START:: Add Buddy service
error: Apr-12-2023 19:28:57: 	500 - undefined - body is not defined - /buddy/ - POST - ::1
info: Apr-12-2023 19:28:57: 	ERROR
info: Apr-12-2023 19:28:57: 	END :: Add Buddy controller
info: Apr-12-2023 19:29:22: 	START :: Add Buddy controller
info: Apr-12-2023 19:29:22: 	START:: Add Buddy service
error: Apr-12-2023 19:29:22: 	500 - undefined - body is not defined - /buddy/ - POST - ::1
info: Apr-12-2023 19:29:22: 	ERROR
info: Apr-12-2023 19:29:22: 	END :: Add Buddy controller
info: Apr-12-2023 19:29:39: 	START :: Add Buddy controller
info: Apr-12-2023 19:29:39: 	START:: Add Buddy service
error: Apr-12-2023 19:29:39: 	500 - undefined - body is not defined - /buddy/ - POST - ::1
info: Apr-12-2023 19:29:39: 	ERROR
info: Apr-12-2023 19:29:39: 	END :: Add Buddy controller
info: Apr-12-2023 19:30:52: 	START :: Add Buddy controller
info: Apr-12-2023 19:30:52: 	START:: Add Buddy service
info: Apr-12-2023 19:30:52: 	END :: Add Buddy service
info: Apr-12-2023 19:30:52: 	SUCCESS
info: Apr-12-2023 19:30:52: 	END :: Add Buddy controller
error: Apr-12-2023 19:46:39: 	invalid operation
error: Apr-12-2023 19:49:08: 	invalid operation
error: Apr-12-2023 19:49:18: 	invalid operation
error: Apr-12-2023 19:49:56: 	invalid operation
info: Apr-12-2023 19:51:02: 	START :: Delete Buddy controller
info: Apr-12-2023 19:51:02: 	START:: Delete Buddy service
error: Apr-12-2023 19:51:02: 	500 - undefined - Cannot read properties of null (reading 'employeeId') - /buddy/deleteBuddy?employeeId=2 - DELETE - ::1
info: Apr-12-2023 19:51:02: 	ERROR
info: Apr-12-2023 19:51:02: 	END :: Delete Buddy controller
info: Apr-12-2023 19:52:38: 	START :: Delete Buddy controller
info: Apr-12-2023 19:52:38: 	START:: Delete Buddy service
error: Apr-12-2023 19:52:38: 	500 - undefined - Cannot read properties of null (reading 'employeeId') - /buddy/deleteBuddy?employeeId=2 - DELETE - ::1
info: Apr-12-2023 19:52:38: 	ERROR
info: Apr-12-2023 19:52:38: 	END :: Delete Buddy controller
info: Apr-12-2023 19:52:47: 	START :: Delete Buddy controller
info: Apr-12-2023 19:52:47: 	START:: Delete Buddy service
error: Apr-12-2023 19:52:47: 	500 - undefined - Cannot read properties of null (reading 'employeeId') - /buddy/deleteBuddy?employeeId=2 - DELETE - ::1
info: Apr-12-2023 19:52:47: 	ERROR
info: Apr-12-2023 19:52:47: 	END :: Delete Buddy controller
info: Apr-12-2023 19:53:44: 	START :: Delete Buddy controller
info: Apr-12-2023 19:53:44: 	START:: Delete Buddy service
error: Apr-12-2023 19:53:44: 	500 - undefined - Cannot read properties of null (reading 'employeeId') - /buddy/deleteBuddy?employeeId=2 - DELETE - ::1
info: Apr-12-2023 19:53:44: 	ERROR
info: Apr-12-2023 19:53:44: 	END :: Delete Buddy controller
info: Apr-12-2023 19:55:51: 	START :: Delete Buddy controller
info: Apr-12-2023 19:55:51: 	START:: Delete Buddy service
error: Apr-12-2023 19:55:51: 	500 - undefined - Cannot read properties of null (reading 'employeeId') - /buddy/deleteBuddy?employeeId=2 - DELETE - ::1
info: Apr-12-2023 19:55:51: 	ERROR
info: Apr-12-2023 19:55:51: 	END :: Delete Buddy controller
info: Apr-12-2023 19:56:17: 	START :: Delete Buddy controller
info: Apr-12-2023 19:56:17: 	START:: Delete Buddy service
error: Apr-12-2023 19:56:17: 	500 - undefined - Cannot read properties of null (reading 'employeeId') - /buddy/deleteBuddy?employeeId=2 - DELETE - ::1
info: Apr-12-2023 19:56:17: 	ERROR
info: Apr-12-2023 19:56:17: 	END :: Delete Buddy controller
info: Apr-12-2023 19:57:23: 	START :: Delete Buddy controller
info: Apr-12-2023 19:57:23: 	START:: Delete Buddy service
error: Apr-12-2023 19:57:23: 	500 - undefined - Cannot read properties of null (reading 'employeeId') - /buddy/deleteBuddy?employeeId=2 - DELETE - ::1
info: Apr-12-2023 19:57:23: 	ERROR
info: Apr-12-2023 19:57:23: 	END :: Delete Buddy controller
info: Apr-12-2023 19:57:45: 	START :: Delete Buddy controller
info: Apr-12-2023 19:57:45: 	START:: Delete Buddy service
error: Apr-12-2023 19:57:45: 	500 - undefined - Cannot read properties of null (reading 'employeeId') - /buddy/deleteBuddy?employeeId=2 - DELETE - ::1
info: Apr-12-2023 19:57:45: 	ERROR
info: Apr-12-2023 19:57:45: 	END :: Delete Buddy controller
info: Apr-12-2023 19:58:15: 	START :: Delete Buddy controller
info: Apr-12-2023 19:58:15: 	START:: Delete Buddy service
info: Apr-12-2023 19:58:15: 	END:: Delete Buddy service
info: Apr-12-2023 19:58:15: 	SUCCESS
info: Apr-12-2023 19:58:15: 	END :: Delete Buddy controller
info: Apr-12-2023 19:58:22: 	START :: Add Buddy controller
info: Apr-12-2023 19:58:22: 	START:: Add Buddy service
info: Apr-12-2023 19:58:22: 	END :: Add Buddy service
info: Apr-12-2023 19:58:22: 	SUCCESS
info: Apr-12-2023 19:58:22: 	END :: Add Buddy controller
info: Apr-12-2023 19:58:24: 	START :: Delete Buddy controller
info: Apr-12-2023 19:58:24: 	START:: Delete Buddy service
error: Apr-12-2023 19:58:24: 	500 - undefined - Cannot read properties of null (reading 'employeeId') - /buddy/deleteBuddy?employeeId=2 - DELETE - ::1
info: Apr-12-2023 19:58:24: 	ERROR
info: Apr-12-2023 19:58:24: 	END :: Delete Buddy controller
info: Apr-12-2023 20:02:29: 	START :: Delete Buddy controller
info: Apr-12-2023 20:02:29: 	START:: Delete Buddy service
error: Apr-12-2023 20:02:29: 	500 - undefined - Cannot read properties of null (reading 'employeeId') - /buddy/deleteBuddy?employeeId=2 - DELETE - ::1
info: Apr-12-2023 20:02:29: 	ERROR
info: Apr-12-2023 20:02:29: 	END :: Delete Buddy controller
info: Apr-12-2023 20:02:48: 	START :: Delete Buddy controller
info: Apr-12-2023 20:02:48: 	START:: Delete Buddy service
error: Apr-12-2023 20:02:48: 	500 - undefined - Cannot read properties of null (reading 'employeeId') - /buddy/deleteBuddy?employeeId=2 - DELETE - ::1
info: Apr-12-2023 20:02:48: 	ERROR
info: Apr-12-2023 20:02:48: 	END :: Delete Buddy controller
info: Apr-12-2023 20:02:58: 	START :: Add Buddy controller
info: Apr-12-2023 20:02:58: 	START:: Add Buddy service
info: Apr-12-2023 20:02:58: 	END :: Add Buddy service
info: Apr-12-2023 20:02:58: 	SUCCESS
info: Apr-12-2023 20:02:58: 	END :: Add Buddy controller
info: Apr-12-2023 20:03:22: 	START :: Add Buddy controller
info: Apr-12-2023 20:03:22: 	START:: Add Buddy service
info: Apr-12-2023 20:03:22: 	END :: Add Buddy service
info: Apr-12-2023 20:03:22: 	SUCCESS
info: Apr-12-2023 20:03:22: 	END :: Add Buddy controller
info: Apr-12-2023 20:03:29: 	START :: Delete Buddy controller
info: Apr-12-2023 20:03:29: 	START:: Delete Buddy service
info: Apr-12-2023 20:03:29: 	END:: Delete Buddy service
info: Apr-12-2023 20:03:29: 	SUCCESS
info: Apr-12-2023 20:03:29: 	END :: Delete Buddy controller
info: Apr-12-2023 20:04:24: 	START :: Add Buddy controller
info: Apr-12-2023 20:04:24: 	START:: Add Buddy service
info: Apr-12-2023 20:04:24: 	END :: Add Buddy service
info: Apr-12-2023 20:04:24: 	SUCCESS
info: Apr-12-2023 20:04:24: 	END :: Add Buddy controller
info: Apr-12-2023 20:17:38: 	START :: List all Buddy controller
info: Apr-12-2023 20:17:38: 	START:: listing All Buddies service
info: Apr-12-2023 20:17:38: 	END:: listing All Buddies service
info: Apr-12-2023 20:17:58: 	START :: List all Buddy controller
info: Apr-12-2023 20:17:58: 	START:: listing All Buddies service
info: Apr-12-2023 20:17:58: 	END:: listing All Buddies service
info: Apr-12-2023 20:17:58: 	SUCCESS
info: Apr-12-2023 20:17:58: 	END :: List all Buddy controller
info: Apr-12-2023 20:23:00: 	START :: List all Buddy controller
info: Apr-12-2023 20:23:00: 	START:: listing All Buddies service
info: Apr-12-2023 20:23:00: 	END:: listing All Buddies service
info: Apr-12-2023 20:23:00: 	SUCCESS
info: Apr-12-2023 20:23:00: 	END :: List all Buddy controller
error: Apr-12-2023 20:31:32: 	invalid operation
info: Apr-12-2023 20:33:10: 	START :: List Buddy controller
info: Apr-12-2023 20:33:10: 	START:: List Buddy Service
info: Apr-12-2023 20:33:10: 	END:: List Buddy service
info: Apr-12-2023 20:33:10: 	SUCCESS
info: Apr-12-2023 20:33:10: 	END :: List Buddy controller
info: Apr-12-2023 20:42:43: 	START :: Update Buddy controller
info: Apr-12-2023 20:42:43: 	START:: Edit Buddy Services
info: Apr-12-2023 20:42:43: 	END :: Edit Buddy Services
info: Apr-12-2023 20:42:43: 	SUCCESS
info: Apr-12-2023 20:42:43: 	END :: update Buddy controller
error: Apr-13-2023 11:48:25: 	invalid operation
error: Apr-13-2023 11:48:26: 	invalid operation
error: Apr-13-2023 11:48:27: 	invalid operation
error: Apr-13-2023 11:48:27: 	invalid operation
error: Apr-13-2023 11:48:30: 	invalid operation
error: Apr-13-2023 11:48:31: 	invalid operation
error: Apr-13-2023 11:48:31: 	invalid operation
error: Apr-13-2023 11:48:40: 	invalid operation
error: Apr-13-2023 11:48:41: 	invalid operation
error: Apr-13-2023 11:48:41: 	invalid operation
error: Apr-13-2023 11:48:41: 	invalid operation
error: Apr-13-2023 11:48:41: 	invalid operation
error: Apr-13-2023 11:48:42: 	invalid operation
error: Apr-13-2023 11:48:42: 	invalid operation
error: Apr-13-2023 11:48:42: 	invalid operation
error: Apr-13-2023 11:48:42: 	invalid operation
error: Apr-13-2023 11:48:43: 	invalid operation
error: Apr-13-2023 11:48:43: 	invalid operation
error: Apr-13-2023 11:48:43: 	invalid operation
error: Apr-13-2023 11:48:43: 	invalid operation
error: Apr-13-2023 11:48:44: 	invalid operation
error: Apr-13-2023 11:48:44: 	invalid operation
error: Apr-13-2023 11:48:44: 	invalid operation
error: Apr-13-2023 11:48:44: 	invalid operation
error: Apr-13-2023 11:48:44: 	invalid operation
error: Apr-13-2023 11:48:44: 	invalid operation
error: Apr-13-2023 11:48:44: 	invalid operation
error: Apr-13-2023 11:48:45: 	invalid operation
error: Apr-13-2023 11:48:45: 	invalid operation
error: Apr-13-2023 11:48:45: 	invalid operation
error: Apr-13-2023 11:48:45: 	invalid operation
error: Apr-13-2023 11:48:45: 	invalid operation
error: Apr-13-2023 11:48:46: 	invalid operation
error: Apr-13-2023 11:48:46: 	invalid operation
error: Apr-13-2023 11:48:46: 	invalid operation
error: Apr-13-2023 11:48:46: 	invalid operation
error: Apr-13-2023 11:48:46: 	invalid operation
error: Apr-13-2023 11:48:46: 	invalid operation
error: Apr-13-2023 11:48:47: 	invalid operation
error: Apr-13-2023 11:48:47: 	invalid operation
error: Apr-13-2023 11:48:47: 	invalid operation
error: Apr-13-2023 11:48:47: 	invalid operation
error: Apr-13-2023 11:48:48: 	invalid operation
error: Apr-13-2023 11:48:48: 	invalid operation
error: Apr-13-2023 11:48:48: 	invalid operation
error: Apr-13-2023 11:48:48: 	invalid operation
error: Apr-13-2023 11:48:48: 	invalid operation
error: Apr-13-2023 11:48:48: 	invalid operation
error: Apr-13-2023 11:48:49: 	invalid operation
error: Apr-13-2023 11:48:49: 	invalid operation
error: Apr-13-2023 11:48:49: 	invalid operation
error: Apr-13-2023 11:48:49: 	invalid operation
error: Apr-13-2023 11:48:50: 	invalid operation
error: Apr-13-2023 11:48:50: 	invalid operation
error: Apr-13-2023 11:48:50: 	invalid operation
error: Apr-13-2023 11:48:50: 	invalid operation
error: Apr-13-2023 11:48:50: 	invalid operation
error: Apr-13-2023 11:48:50: 	invalid operation
error: Apr-13-2023 11:48:51: 	invalid operation
error: Apr-13-2023 11:48:51: 	invalid operation
error: Apr-13-2023 11:48:51: 	invalid operation
error: Apr-13-2023 11:48:51: 	invalid operation
error: Apr-13-2023 11:48:51: 	invalid operation
error: Apr-13-2023 11:48:51: 	invalid operation
error: Apr-13-2023 11:48:51: 	invalid operation
error: Apr-13-2023 11:48:51: 	invalid operation
error: Apr-13-2023 11:48:52: 	invalid operation
error: Apr-13-2023 11:48:52: 	invalid operation
error: Apr-13-2023 11:48:52: 	invalid operation
error: Apr-13-2023 11:48:52: 	invalid operation
error: Apr-13-2023 11:48:52: 	invalid operation
error: Apr-13-2023 11:48:53: 	invalid operation
error: Apr-13-2023 11:48:53: 	invalid operation
error: Apr-13-2023 11:48:54: 	invalid operation
error: Apr-13-2023 11:48:54: 	invalid operation
error: Apr-13-2023 11:48:54: 	invalid operation
error: Apr-13-2023 11:48:55: 	invalid operation
error: Apr-13-2023 11:48:55: 	invalid operation
error: Apr-13-2023 11:48:55: 	invalid operation
error: Apr-13-2023 11:48:55: 	invalid operation
error: Apr-13-2023 11:48:55: 	invalid operation
error: Apr-13-2023 11:48:56: 	invalid operation
error: Apr-13-2023 11:48:56: 	invalid operation
error: Apr-13-2023 11:48:56: 	invalid operation
error: Apr-13-2023 11:48:56: 	invalid operation
error: Apr-13-2023 11:48:57: 	invalid operation
error: Apr-13-2023 11:48:57: 	invalid operation
error: Apr-13-2023 11:48:57: 	invalid operation
error: Apr-13-2023 11:48:57: 	invalid operation
error: Apr-13-2023 11:48:57: 	invalid operation
error: Apr-13-2023 11:48:57: 	invalid operation
error: Apr-13-2023 11:48:57: 	invalid operation
error: Apr-13-2023 11:48:58: 	invalid operation
error: Apr-13-2023 11:48:58: 	invalid operation
error: Apr-13-2023 11:48:58: 	invalid operation
error: Apr-13-2023 11:48:58: 	invalid operation
error: Apr-13-2023 11:48:58: 	invalid operation
error: Apr-13-2023 11:48:58: 	invalid operation
error: Apr-13-2023 11:48:58: 	invalid operation
error: Apr-13-2023 11:48:58: 	invalid operation
error: Apr-13-2023 11:48:58: 	invalid operation
error: Apr-13-2023 11:48:59: 	invalid operation
error: Apr-13-2023 11:48:59: 	invalid operation
error: Apr-13-2023 11:48:59: 	invalid operation
error: Apr-13-2023 11:48:59: 	invalid operation
error: Apr-13-2023 11:48:59: 	invalid operation
error: Apr-13-2023 11:48:59: 	invalid operation
error: Apr-13-2023 11:48:59: 	invalid operation
error: Apr-13-2023 11:48:59: 	invalid operation
error: Apr-13-2023 11:48:59: 	invalid operation
error: Apr-13-2023 11:49:00: 	invalid operation
error: Apr-13-2023 11:49:00: 	invalid operation
error: Apr-13-2023 11:49:00: 	invalid operation
error: Apr-13-2023 11:49:00: 	invalid operation
error: Apr-13-2023 11:49:00: 	invalid operation
error: Apr-13-2023 11:49:00: 	invalid operation
error: Apr-13-2023 11:49:00: 	invalid operation
error: Apr-13-2023 11:49:00: 	invalid operation
error: Apr-13-2023 11:49:00: 	invalid operation
error: Apr-13-2023 11:49:01: 	invalid operation
error: Apr-13-2023 11:49:01: 	invalid operation
error: Apr-13-2023 11:49:01: 	invalid operation
error: Apr-13-2023 11:49:01: 	invalid operation
error: Apr-13-2023 11:49:01: 	invalid operation
error: Apr-13-2023 11:49:02: 	invalid operation
error: Apr-13-2023 11:49:02: 	invalid operation
error: Apr-13-2023 11:49:02: 	invalid operation
error: Apr-13-2023 11:49:02: 	invalid operation
error: Apr-13-2023 11:49:02: 	invalid operation
error: Apr-13-2023 11:49:02: 	invalid operation
error: Apr-13-2023 11:49:03: 	invalid operation
error: Apr-13-2023 11:49:03: 	invalid operation
error: Apr-13-2023 11:49:03: 	invalid operation
error: Apr-13-2023 11:49:03: 	invalid operation
error: Apr-13-2023 11:49:03: 	invalid operation
error: Apr-13-2023 11:49:03: 	invalid operation
error: Apr-13-2023 11:49:03: 	invalid operation
error: Apr-13-2023 11:49:03: 	invalid operation
error: Apr-13-2023 11:49:03: 	invalid operation
error: Apr-13-2023 11:49:04: 	invalid operation
error: Apr-13-2023 11:49:04: 	invalid operation
error: Apr-13-2023 11:49:04: 	invalid operation
error: Apr-13-2023 11:49:04: 	invalid operation
error: Apr-13-2023 11:49:04: 	invalid operation
error: Apr-13-2023 11:49:04: 	invalid operation
error: Apr-13-2023 11:49:04: 	invalid operation
error: Apr-13-2023 11:49:04: 	invalid operation
error: Apr-13-2023 11:49:04: 	invalid operation
error: Apr-13-2023 11:49:04: 	invalid operation
error: Apr-13-2023 11:49:05: 	invalid operation
error: Apr-13-2023 11:49:05: 	invalid operation
error: Apr-13-2023 11:49:05: 	invalid operation
error: Apr-13-2023 11:49:05: 	invalid operation
error: Apr-13-2023 11:49:05: 	invalid operation
error: Apr-13-2023 11:49:05: 	invalid operation
error: Apr-13-2023 11:49:05: 	invalid operation
error: Apr-13-2023 11:49:05: 	invalid operation
error: Apr-13-2023 11:49:05: 	invalid operation
error: Apr-13-2023 11:49:05: 	invalid operation
error: Apr-13-2023 11:49:06: 	invalid operation
error: Apr-13-2023 11:49:06: 	invalid operation
error: Apr-13-2023 11:49:06: 	invalid operation
error: Apr-13-2023 11:49:06: 	invalid operation
error: Apr-13-2023 11:49:06: 	invalid operation
error: Apr-13-2023 11:49:06: 	invalid operation
error: Apr-13-2023 11:49:06: 	invalid operation
error: Apr-13-2023 11:49:06: 	invalid operation
error: Apr-13-2023 11:49:06: 	invalid operation
error: Apr-13-2023 11:49:07: 	invalid operation
error: Apr-13-2023 11:49:07: 	invalid operation
error: Apr-13-2023 11:49:07: 	invalid operation
error: Apr-13-2023 11:49:07: 	invalid operation
error: Apr-13-2023 11:49:07: 	invalid operation
error: Apr-13-2023 11:49:07: 	invalid operation
error: Apr-13-2023 11:49:07: 	invalid operation
error: Apr-13-2023 11:49:08: 	invalid operation
error: Apr-13-2023 11:49:08: 	invalid operation
error: Apr-13-2023 11:49:08: 	invalid operation
error: Apr-13-2023 11:49:08: 	invalid operation
error: Apr-13-2023 11:49:08: 	invalid operation
error: Apr-13-2023 11:49:08: 	invalid operation
error: Apr-13-2023 11:49:08: 	invalid operation
error: Apr-13-2023 11:49:08: 	invalid operation
error: Apr-13-2023 11:49:09: 	invalid operation
error: Apr-13-2023 11:49:09: 	invalid operation
error: Apr-13-2023 11:49:09: 	invalid operation
error: Apr-13-2023 11:49:09: 	invalid operation
error: Apr-13-2023 11:49:09: 	invalid operation
error: Apr-13-2023 11:49:09: 	invalid operation
error: Apr-13-2023 11:49:09: 	invalid operation
error: Apr-13-2023 11:49:09: 	invalid operation
error: Apr-13-2023 11:49:10: 	invalid operation
error: Apr-13-2023 11:49:10: 	invalid operation
error: Apr-13-2023 11:49:10: 	invalid operation
error: Apr-13-2023 11:49:10: 	invalid operation
error: Apr-13-2023 11:49:11: 	invalid operation
error: Apr-13-2023 11:49:11: 	invalid operation
error: Apr-13-2023 11:49:11: 	invalid operation
error: Apr-13-2023 11:49:11: 	invalid operation
error: Apr-13-2023 11:49:11: 	invalid operation
error: Apr-13-2023 11:49:11: 	invalid operation
error: Apr-13-2023 11:49:11: 	invalid operation
error: Apr-13-2023 11:49:11: 	invalid operation
error: Apr-13-2023 11:49:11: 	invalid operation
error: Apr-13-2023 11:49:12: 	invalid operation
error: Apr-13-2023 11:49:12: 	invalid operation
error: Apr-13-2023 11:49:12: 	invalid operation
error: Apr-13-2023 11:49:12: 	invalid operation
error: Apr-13-2023 11:49:12: 	invalid operation
error: Apr-13-2023 11:49:12: 	invalid operation
error: Apr-13-2023 11:49:12: 	invalid operation
error: Apr-13-2023 11:49:12: 	invalid operation
error: Apr-13-2023 11:49:12: 	invalid operation
error: Apr-13-2023 11:49:13: 	invalid operation
error: Apr-13-2023 11:49:13: 	invalid operation
error: Apr-13-2023 11:49:13: 	invalid operation
error: Apr-13-2023 11:49:13: 	invalid operation
error: Apr-13-2023 11:49:13: 	invalid operation
error: Apr-13-2023 11:49:13: 	invalid operation
error: Apr-13-2023 11:49:13: 	invalid operation
error: Apr-13-2023 11:49:13: 	invalid operation
error: Apr-13-2023 11:49:14: 	invalid operation
error: Apr-13-2023 11:49:14: 	invalid operation
error: Apr-13-2023 11:49:14: 	invalid operation
error: Apr-13-2023 11:49:14: 	invalid operation
error: Apr-13-2023 11:49:14: 	invalid operation
error: Apr-13-2023 11:49:14: 	invalid operation
error: Apr-13-2023 11:49:14: 	invalid operation
error: Apr-13-2023 11:49:14: 	invalid operation
error: Apr-13-2023 11:49:15: 	invalid operation
error: Apr-13-2023 11:49:15: 	invalid operation
error: Apr-13-2023 11:49:15: 	invalid operation
error: Apr-13-2023 11:49:15: 	invalid operation
error: Apr-13-2023 11:49:15: 	invalid operation
error: Apr-13-2023 11:49:15: 	invalid operation
error: Apr-13-2023 11:49:15: 	invalid operation
error: Apr-13-2023 11:49:15: 	invalid operation
error: Apr-13-2023 11:49:16: 	invalid operation
error: Apr-13-2023 11:49:16: 	invalid operation
error: Apr-13-2023 11:49:16: 	invalid operation
error: Apr-13-2023 11:49:16: 	invalid operation
error: Apr-13-2023 11:49:16: 	invalid operation
error: Apr-13-2023 11:49:16: 	invalid operation
error: Apr-13-2023 11:49:16: 	invalid operation
error: Apr-13-2023 11:49:16: 	invalid operation
error: Apr-13-2023 11:49:17: 	invalid operation
error: Apr-13-2023 11:49:17: 	invalid operation
error: Apr-13-2023 11:49:17: 	invalid operation
error: Apr-13-2023 11:49:17: 	invalid operation
error: Apr-13-2023 11:49:17: 	invalid operation
error: Apr-13-2023 11:49:17: 	invalid operation
error: Apr-13-2023 11:49:17: 	invalid operation
error: Apr-13-2023 11:49:17: 	invalid operation
error: Apr-13-2023 11:49:18: 	invalid operation
error: Apr-13-2023 11:49:18: 	invalid operation
error: Apr-13-2023 11:49:18: 	invalid operation
error: Apr-13-2023 11:49:18: 	invalid operation
error: Apr-13-2023 11:49:18: 	invalid operation
error: Apr-13-2023 11:49:18: 	invalid operation
error: Apr-13-2023 11:49:18: 	invalid operation
error: Apr-13-2023 11:49:19: 	invalid operation
error: Apr-13-2023 11:49:19: 	invalid operation
error: Apr-13-2023 11:49:19: 	invalid operation
error: Apr-13-2023 11:49:19: 	invalid operation
error: Apr-13-2023 11:49:19: 	invalid operation
error: Apr-13-2023 11:49:19: 	invalid operation
error: Apr-13-2023 11:49:19: 	invalid operation
error: Apr-13-2023 11:49:20: 	invalid operation
error: Apr-13-2023 11:49:20: 	invalid operation
error: Apr-13-2023 11:49:20: 	invalid operation
error: Apr-13-2023 11:49:20: 	invalid operation
error: Apr-13-2023 11:49:20: 	invalid operation
error: Apr-13-2023 11:49:20: 	invalid operation
error: Apr-13-2023 11:49:20: 	invalid operation
error: Apr-13-2023 11:49:20: 	invalid operation
error: Apr-13-2023 11:49:20: 	invalid operation
error: Apr-13-2023 11:49:21: 	invalid operation
error: Apr-13-2023 11:49:21: 	invalid operation
error: Apr-13-2023 11:49:21: 	invalid operation
error: Apr-13-2023 11:49:21: 	invalid operation
error: Apr-13-2023 11:49:21: 	invalid operation
error: Apr-13-2023 11:49:21: 	invalid operation
error: Apr-13-2023 11:49:21: 	invalid operation
error: Apr-13-2023 11:49:21: 	invalid operation
error: Apr-13-2023 11:49:21: 	invalid operation
error: Apr-13-2023 11:49:22: 	invalid operation
error: Apr-13-2023 11:49:22: 	invalid operation
error: Apr-13-2023 11:49:22: 	invalid operation
error: Apr-13-2023 11:49:22: 	invalid operation
error: Apr-13-2023 11:49:22: 	invalid operation
error: Apr-13-2023 11:49:22: 	invalid operation
error: Apr-13-2023 11:49:22: 	invalid operation
error: Apr-13-2023 11:49:23: 	invalid operation
error: Apr-13-2023 11:49:23: 	invalid operation
error: Apr-13-2023 11:49:23: 	invalid operation
error: Apr-13-2023 11:49:23: 	invalid operation
error: Apr-13-2023 11:49:23: 	invalid operation
error: Apr-13-2023 11:49:23: 	invalid operation
error: Apr-13-2023 11:49:23: 	invalid operation
error: Apr-13-2023 11:49:23: 	invalid operation
error: Apr-13-2023 11:49:24: 	invalid operation
error: Apr-13-2023 11:49:24: 	invalid operation
error: Apr-13-2023 11:49:24: 	invalid operation
error: Apr-13-2023 11:49:24: 	invalid operation
error: Apr-13-2023 11:49:24: 	invalid operation
error: Apr-13-2023 11:49:24: 	invalid operation
error: Apr-13-2023 11:49:24: 	invalid operation
error: Apr-13-2023 11:49:24: 	invalid operation
error: Apr-13-2023 11:49:24: 	invalid operation
error: Apr-13-2023 11:49:25: 	invalid operation
error: Apr-13-2023 11:49:25: 	invalid operation
error: Apr-13-2023 11:49:25: 	invalid operation
error: Apr-13-2023 11:49:25: 	invalid operation
error: Apr-13-2023 11:49:25: 	invalid operation
error: Apr-13-2023 11:49:25: 	invalid operation
error: Apr-13-2023 11:49:25: 	invalid operation
error: Apr-13-2023 11:49:25: 	invalid operation
error: Apr-13-2023 11:49:25: 	invalid operation
error: Apr-13-2023 11:49:26: 	invalid operation
error: Apr-13-2023 11:49:26: 	invalid operation
error: Apr-13-2023 11:49:26: 	invalid operation
error: Apr-13-2023 11:49:26: 	invalid operation
error: Apr-13-2023 11:49:26: 	invalid operation
error: Apr-13-2023 11:49:26: 	invalid operation
error: Apr-13-2023 11:49:26: 	invalid operation
error: Apr-13-2023 11:49:27: 	invalid operation
error: Apr-13-2023 11:49:27: 	invalid operation
error: Apr-13-2023 11:49:27: 	invalid operation
error: Apr-13-2023 11:49:27: 	invalid operation
error: Apr-13-2023 11:49:27: 	invalid operation
error: Apr-13-2023 11:49:27: 	invalid operation
error: Apr-13-2023 11:49:27: 	invalid operation
error: Apr-13-2023 11:49:27: 	invalid operation
error: Apr-13-2023 11:49:28: 	invalid operation
error: Apr-13-2023 11:49:28: 	invalid operation
error: Apr-13-2023 11:49:28: 	invalid operation
error: Apr-13-2023 11:49:28: 	invalid operation
error: Apr-13-2023 11:49:28: 	invalid operation
error: Apr-13-2023 11:49:28: 	invalid operation
error: Apr-13-2023 11:49:28: 	invalid operation
error: Apr-13-2023 11:49:28: 	invalid operation
error: Apr-13-2023 11:49:29: 	invalid operation
error: Apr-13-2023 11:49:29: 	invalid operation
error: Apr-13-2023 11:49:29: 	invalid operation
error: Apr-13-2023 11:49:29: 	invalid operation
error: Apr-13-2023 11:49:29: 	invalid operation
error: Apr-13-2023 11:49:29: 	invalid operation
error: Apr-13-2023 11:49:29: 	invalid operation
error: Apr-13-2023 11:49:30: 	invalid operation
error: Apr-13-2023 11:49:30: 	invalid operation
error: Apr-13-2023 11:49:30: 	invalid operation
error: Apr-13-2023 11:49:30: 	invalid operation
error: Apr-13-2023 11:49:30: 	invalid operation
error: Apr-13-2023 11:49:30: 	invalid operation
error: Apr-13-2023 11:49:30: 	invalid operation
error: Apr-13-2023 11:49:30: 	invalid operation
error: Apr-13-2023 11:49:31: 	invalid operation
error: Apr-13-2023 11:49:31: 	invalid operation
error: Apr-13-2023 11:49:31: 	invalid operation
error: Apr-13-2023 11:49:31: 	invalid operation
error: Apr-13-2023 11:49:31: 	invalid operation
error: Apr-13-2023 11:49:31: 	invalid operation
error: Apr-13-2023 11:49:31: 	invalid operation
error: Apr-13-2023 11:49:31: 	invalid operation
error: Apr-13-2023 11:49:31: 	invalid operation
error: Apr-13-2023 11:49:31: 	invalid operation
error: Apr-13-2023 11:49:32: 	invalid operation
error: Apr-13-2023 11:49:32: 	invalid operation
error: Apr-13-2023 11:49:32: 	invalid operation
error: Apr-13-2023 11:49:32: 	invalid operation
error: Apr-13-2023 11:49:32: 	invalid operation
error: Apr-13-2023 11:49:32: 	invalid operation
error: Apr-13-2023 11:49:32: 	invalid operation
error: Apr-13-2023 11:49:32: 	invalid operation
error: Apr-13-2023 11:49:32: 	invalid operation
error: Apr-13-2023 11:49:33: 	invalid operation
error: Apr-13-2023 11:49:33: 	invalid operation
error: Apr-13-2023 11:49:33: 	invalid operation
error: Apr-13-2023 11:49:33: 	invalid operation
error: Apr-13-2023 11:49:33: 	invalid operation
error: Apr-13-2023 11:49:33: 	invalid operation
error: Apr-13-2023 11:49:33: 	invalid operation
error: Apr-13-2023 11:49:33: 	invalid operation
error: Apr-13-2023 11:49:34: 	invalid operation
error: Apr-13-2023 11:49:34: 	invalid operation
error: Apr-13-2023 11:49:34: 	invalid operation
error: Apr-13-2023 11:49:34: 	invalid operation
error: Apr-13-2023 11:49:34: 	invalid operation
error: Apr-13-2023 11:49:34: 	invalid operation
error: Apr-13-2023 11:49:34: 	invalid operation
error: Apr-13-2023 11:49:34: 	invalid operation
error: Apr-13-2023 11:49:34: 	invalid operation
error: Apr-13-2023 11:49:34: 	invalid operation
error: Apr-13-2023 11:49:35: 	invalid operation
error: Apr-13-2023 11:49:35: 	invalid operation
error: Apr-13-2023 11:49:35: 	invalid operation
error: Apr-13-2023 11:49:35: 	invalid operation
error: Apr-13-2023 11:49:35: 	invalid operation
error: Apr-13-2023 11:49:35: 	invalid operation
error: Apr-13-2023 11:49:35: 	invalid operation
error: Apr-13-2023 11:49:35: 	invalid operation
error: Apr-13-2023 11:49:36: 	invalid operation
error: Apr-13-2023 11:49:36: 	invalid operation
error: Apr-13-2023 11:49:36: 	invalid operation
error: Apr-13-2023 11:49:36: 	invalid operation
error: Apr-13-2023 11:49:36: 	invalid operation
error: Apr-13-2023 11:49:36: 	invalid operation
error: Apr-13-2023 11:49:36: 	invalid operation
error: Apr-13-2023 11:49:36: 	invalid operation
error: Apr-13-2023 11:49:36: 	invalid operation
error: Apr-13-2023 11:49:37: 	invalid operation
error: Apr-13-2023 11:49:37: 	invalid operation
error: Apr-13-2023 11:49:37: 	invalid operation
error: Apr-13-2023 11:49:37: 	invalid operation
error: Apr-13-2023 11:49:37: 	invalid operation
error: Apr-13-2023 11:49:37: 	invalid operation
error: Apr-13-2023 11:49:37: 	invalid operation
error: Apr-13-2023 11:49:37: 	invalid operation
error: Apr-13-2023 11:49:38: 	invalid operation
error: Apr-13-2023 11:49:38: 	invalid operation
error: Apr-13-2023 11:49:38: 	invalid operation
error: Apr-13-2023 11:49:38: 	invalid operation
error: Apr-13-2023 11:49:38: 	invalid operation
error: Apr-13-2023 11:49:38: 	invalid operation
error: Apr-13-2023 11:49:38: 	invalid operation
error: Apr-13-2023 11:49:38: 	invalid operation
error: Apr-13-2023 11:49:39: 	invalid operation
error: Apr-13-2023 11:49:39: 	invalid operation
error: Apr-13-2023 11:49:39: 	invalid operation
error: Apr-13-2023 11:49:39: 	invalid operation
error: Apr-13-2023 11:49:39: 	invalid operation
error: Apr-13-2023 11:49:39: 	invalid operation
error: Apr-13-2023 11:49:39: 	invalid operation
error: Apr-13-2023 11:49:39: 	invalid operation
error: Apr-13-2023 11:49:39: 	invalid operation
error: Apr-13-2023 11:49:39: 	invalid operation
error: Apr-13-2023 11:49:40: 	invalid operation
error: Apr-13-2023 11:49:40: 	invalid operation
error: Apr-13-2023 11:49:40: 	invalid operation
error: Apr-13-2023 11:49:40: 	invalid operation
error: Apr-13-2023 11:49:40: 	invalid operation
error: Apr-13-2023 11:49:40: 	invalid operation
error: Apr-13-2023 11:49:40: 	invalid operation
error: Apr-13-2023 11:49:40: 	invalid operation
error: Apr-13-2023 11:49:40: 	invalid operation
error: Apr-13-2023 11:49:41: 	invalid operation
error: Apr-13-2023 11:49:41: 	invalid operation
error: Apr-13-2023 11:49:41: 	invalid operation
error: Apr-13-2023 11:49:41: 	invalid operation
error: Apr-13-2023 11:49:41: 	invalid operation
error: Apr-13-2023 11:49:41: 	invalid operation
error: Apr-13-2023 11:49:41: 	invalid operation
error: Apr-13-2023 11:49:41: 	invalid operation
error: Apr-13-2023 11:49:42: 	invalid operation
error: Apr-13-2023 11:49:42: 	invalid operation
error: Apr-13-2023 11:49:42: 	invalid operation
error: Apr-13-2023 11:49:42: 	invalid operation
error: Apr-13-2023 11:49:42: 	invalid operation
error: Apr-13-2023 11:49:42: 	invalid operation
error: Apr-13-2023 11:49:42: 	invalid operation
error: Apr-13-2023 11:49:42: 	invalid operation
error: Apr-13-2023 11:49:42: 	invalid operation
error: Apr-13-2023 11:49:42: 	invalid operation
error: Apr-13-2023 11:49:43: 	invalid operation
error: Apr-13-2023 11:49:43: 	invalid operation
error: Apr-13-2023 11:49:43: 	invalid operation
error: Apr-13-2023 11:49:43: 	invalid operation
error: Apr-13-2023 11:49:43: 	invalid operation
error: Apr-13-2023 11:49:43: 	invalid operation
error: Apr-13-2023 11:49:43: 	invalid operation
error: Apr-13-2023 11:49:43: 	invalid operation
error: Apr-13-2023 11:49:43: 	invalid operation
error: Apr-13-2023 11:49:43: 	invalid operation
error: Apr-13-2023 11:49:44: 	invalid operation
error: Apr-13-2023 11:49:44: 	invalid operation
error: Apr-13-2023 11:49:44: 	invalid operation
error: Apr-13-2023 11:49:44: 	invalid operation
error: Apr-13-2023 11:49:44: 	invalid operation
error: Apr-13-2023 11:49:44: 	invalid operation
error: Apr-13-2023 11:49:44: 	invalid operation
error: Apr-13-2023 11:49:44: 	invalid operation
error: Apr-13-2023 11:49:44: 	invalid operation
error: Apr-13-2023 11:49:44: 	invalid operation
error: Apr-13-2023 11:49:45: 	invalid operation
error: Apr-13-2023 11:49:45: 	invalid operation
error: Apr-13-2023 11:49:45: 	invalid operation
error: Apr-13-2023 11:49:45: 	invalid operation
error: Apr-13-2023 11:49:45: 	invalid operation
error: Apr-13-2023 11:49:45: 	invalid operation
error: Apr-13-2023 11:49:45: 	invalid operation
error: Apr-13-2023 11:49:45: 	invalid operation
error: Apr-13-2023 11:49:45: 	invalid operation
error: Apr-13-2023 11:49:45: 	invalid operation
error: Apr-13-2023 11:49:45: 	invalid operation
error: Apr-13-2023 11:49:45: 	invalid operation
error: Apr-13-2023 11:49:45: 	invalid operation
error: Apr-13-2023 11:49:45: 	invalid operation
error: Apr-13-2023 11:49:46: 	invalid operation
error: Apr-13-2023 11:49:46: 	invalid operation
error: Apr-13-2023 11:49:46: 	invalid operation
error: Apr-13-2023 11:49:46: 	invalid operation
error: Apr-13-2023 11:49:46: 	invalid operation
error: Apr-13-2023 11:49:46: 	invalid operation
error: Apr-13-2023 11:49:46: 	invalid operation
error: Apr-13-2023 11:49:46: 	invalid operation
error: Apr-13-2023 11:49:46: 	invalid operation
error: Apr-13-2023 11:49:46: 	invalid operation
error: Apr-13-2023 11:49:46: 	invalid operation
error: Apr-13-2023 11:49:46: 	invalid operation
error: Apr-13-2023 11:49:46: 	invalid operation
error: Apr-13-2023 11:49:46: 	invalid operation
error: Apr-13-2023 11:49:47: 	invalid operation
error: Apr-13-2023 11:49:47: 	invalid operation
error: Apr-13-2023 11:49:47: 	invalid operation
error: Apr-13-2023 11:49:47: 	invalid operation
error: Apr-13-2023 11:49:47: 	invalid operation
error: Apr-13-2023 11:49:47: 	invalid operation
error: Apr-13-2023 11:49:47: 	invalid operation
error: Apr-13-2023 11:49:47: 	invalid operation
error: Apr-13-2023 11:49:48: 	invalid operation
error: Apr-13-2023 11:49:48: 	invalid operation
error: Apr-13-2023 11:49:48: 	invalid operation
error: Apr-13-2023 11:49:48: 	invalid operation
error: Apr-13-2023 11:49:48: 	invalid operation
error: Apr-13-2023 11:49:48: 	invalid operation
error: Apr-13-2023 11:49:48: 	invalid operation
error: Apr-13-2023 11:49:48: 	invalid operation
error: Apr-13-2023 11:49:48: 	invalid operation
error: Apr-13-2023 11:49:49: 	invalid operation
error: Apr-13-2023 11:49:49: 	invalid operation
error: Apr-13-2023 11:49:49: 	invalid operation
error: Apr-13-2023 11:49:49: 	invalid operation
error: Apr-13-2023 11:49:49: 	invalid operation
error: Apr-13-2023 11:49:49: 	invalid operation
error: Apr-13-2023 11:49:49: 	invalid operation
error: Apr-13-2023 11:49:49: 	invalid operation
error: Apr-13-2023 11:49:50: 	invalid operation
error: Apr-13-2023 11:49:50: 	invalid operation
error: Apr-13-2023 11:49:50: 	invalid operation
error: Apr-13-2023 11:49:50: 	invalid operation
error: Apr-13-2023 11:49:50: 	invalid operation
error: Apr-13-2023 11:49:50: 	invalid operation
error: Apr-13-2023 11:49:50: 	invalid operation
error: Apr-13-2023 11:49:50: 	invalid operation
error: Apr-13-2023 11:49:51: 	invalid operation
error: Apr-13-2023 11:49:51: 	invalid operation
error: Apr-13-2023 11:49:51: 	invalid operation
error: Apr-13-2023 11:49:51: 	invalid operation
error: Apr-13-2023 11:49:51: 	invalid operation
error: Apr-13-2023 11:49:51: 	invalid operation
error: Apr-13-2023 11:49:51: 	invalid operation
error: Apr-13-2023 11:49:51: 	invalid operation
error: Apr-13-2023 11:49:52: 	invalid operation
error: Apr-13-2023 11:49:52: 	invalid operation
error: Apr-13-2023 11:49:52: 	invalid operation
error: Apr-13-2023 11:49:52: 	invalid operation
error: Apr-13-2023 11:49:52: 	invalid operation
error: Apr-13-2023 11:49:52: 	invalid operation
error: Apr-13-2023 11:49:52: 	invalid operation
error: Apr-13-2023 11:49:52: 	invalid operation
error: Apr-13-2023 11:49:53: 	invalid operation
error: Apr-13-2023 11:49:53: 	invalid operation
error: Apr-13-2023 11:49:53: 	invalid operation
error: Apr-13-2023 11:49:53: 	invalid operation
error: Apr-13-2023 11:49:53: 	invalid operation
error: Apr-13-2023 11:49:53: 	invalid operation
error: Apr-13-2023 11:49:53: 	invalid operation
error: Apr-13-2023 11:49:53: 	invalid operation
error: Apr-13-2023 11:49:53: 	invalid operation
error: Apr-13-2023 11:49:54: 	invalid operation
error: Apr-13-2023 11:49:54: 	invalid operation
error: Apr-13-2023 11:49:54: 	invalid operation
error: Apr-13-2023 11:49:54: 	invalid operation
error: Apr-13-2023 11:49:54: 	invalid operation
error: Apr-13-2023 11:49:54: 	invalid operation
error: Apr-13-2023 11:49:54: 	invalid operation
error: Apr-13-2023 11:49:54: 	invalid operation
error: Apr-13-2023 11:49:55: 	invalid operation
error: Apr-13-2023 11:49:55: 	invalid operation
error: Apr-13-2023 11:49:55: 	invalid operation
error: Apr-13-2023 11:49:55: 	invalid operation
error: Apr-13-2023 11:49:55: 	invalid operation
error: Apr-13-2023 11:49:55: 	invalid operation
error: Apr-13-2023 11:49:55: 	invalid operation
error: Apr-13-2023 11:49:55: 	invalid operation
error: Apr-13-2023 11:49:55: 	invalid operation
error: Apr-13-2023 11:49:56: 	invalid operation
error: Apr-13-2023 11:49:56: 	invalid operation
error: Apr-13-2023 11:49:56: 	invalid operation
error: Apr-13-2023 11:49:56: 	invalid operation
error: Apr-13-2023 11:49:56: 	invalid operation
error: Apr-13-2023 11:49:56: 	invalid operation
error: Apr-13-2023 11:49:56: 	invalid operation
error: Apr-13-2023 11:49:56: 	invalid operation
error: Apr-13-2023 11:49:57: 	invalid operation
error: Apr-13-2023 11:49:57: 	invalid operation
error: Apr-13-2023 11:49:57: 	invalid operation
error: Apr-13-2023 11:49:57: 	invalid operation
error: Apr-13-2023 11:49:57: 	invalid operation
error: Apr-13-2023 11:49:57: 	invalid operation
error: Apr-13-2023 11:49:57: 	invalid operation
error: Apr-13-2023 11:49:57: 	invalid operation
error: Apr-13-2023 11:49:57: 	invalid operation
error: Apr-13-2023 11:49:58: 	invalid operation
error: Apr-13-2023 11:49:58: 	invalid operation
error: Apr-13-2023 11:49:58: 	invalid operation
error: Apr-13-2023 11:49:58: 	invalid operation
error: Apr-13-2023 11:49:58: 	invalid operation
error: Apr-13-2023 11:49:58: 	invalid operation
error: Apr-13-2023 11:49:58: 	invalid operation
error: Apr-13-2023 11:49:58: 	invalid operation
error: Apr-13-2023 11:49:59: 	invalid operation
error: Apr-13-2023 11:49:59: 	invalid operation
error: Apr-13-2023 11:49:59: 	invalid operation
error: Apr-13-2023 11:49:59: 	invalid operation
error: Apr-13-2023 11:49:59: 	invalid operation
error: Apr-13-2023 11:49:59: 	invalid operation
error: Apr-13-2023 11:49:59: 	invalid operation
error: Apr-13-2023 11:49:59: 	invalid operation
error: Apr-13-2023 11:49:59: 	invalid operation
error: Apr-13-2023 11:49:59: 	invalid operation
error: Apr-13-2023 11:50:00: 	invalid operation
error: Apr-13-2023 11:50:00: 	invalid operation
error: Apr-13-2023 11:50:00: 	invalid operation
error: Apr-13-2023 11:50:00: 	invalid operation
error: Apr-13-2023 11:50:00: 	invalid operation
error: Apr-13-2023 11:50:00: 	invalid operation
error: Apr-13-2023 11:50:00: 	invalid operation
error: Apr-13-2023 11:50:00: 	invalid operation
error: Apr-13-2023 11:50:00: 	invalid operation
error: Apr-13-2023 11:50:01: 	invalid operation
error: Apr-13-2023 11:50:01: 	invalid operation
error: Apr-13-2023 11:50:01: 	invalid operation
error: Apr-13-2023 11:50:01: 	invalid operation
error: Apr-13-2023 11:50:01: 	invalid operation
error: Apr-13-2023 11:50:01: 	invalid operation
error: Apr-13-2023 11:50:02: 	invalid operation
error: Apr-13-2023 11:50:02: 	invalid operation
error: Apr-13-2023 11:50:02: 	invalid operation
error: Apr-13-2023 11:50:02: 	invalid operation
error: Apr-13-2023 11:50:02: 	invalid operation
error: Apr-13-2023 11:50:02: 	invalid operation
error: Apr-13-2023 11:50:03: 	invalid operation
error: Apr-13-2023 11:50:03: 	invalid operation
error: Apr-13-2023 11:50:03: 	invalid operation
error: Apr-13-2023 11:50:03: 	invalid operation
error: Apr-13-2023 11:50:03: 	invalid operation
error: Apr-13-2023 11:50:03: 	invalid operation
error: Apr-13-2023 11:50:04: 	invalid operation
error: Apr-13-2023 11:50:04: 	invalid operation
error: Apr-13-2023 11:50:04: 	invalid operation
error: Apr-13-2023 11:50:05: 	invalid operation
error: Apr-13-2023 11:50:05: 	invalid operation
error: Apr-13-2023 11:50:05: 	invalid operation
error: Apr-13-2023 11:50:06: 	invalid operation
error: Apr-13-2023 11:50:06: 	invalid operation
error: Apr-13-2023 11:50:07: 	invalid operation
error: Apr-13-2023 11:50:07: 	invalid operation
error: Apr-13-2023 11:50:08: 	invalid operation
error: Apr-13-2023 11:50:08: 	invalid operation
error: Apr-13-2023 11:50:09: 	invalid operation
error: Apr-13-2023 11:50:09: 	invalid operation
error: Apr-13-2023 11:50:10: 	invalid operation
error: Apr-13-2023 11:50:10: 	invalid operation
error: Apr-13-2023 11:50:10: 	invalid operation
error: Apr-13-2023 11:50:10: 	invalid operation
error: Apr-13-2023 11:50:10: 	invalid operation
error: Apr-13-2023 11:50:11: 	invalid operation
error: Apr-13-2023 11:50:11: 	invalid operation
error: Apr-13-2023 11:50:11: 	invalid operation
error: Apr-13-2023 11:50:11: 	invalid operation
error: Apr-13-2023 11:50:11: 	invalid operation
error: Apr-13-2023 11:50:11: 	invalid operation
error: Apr-13-2023 11:50:11: 	invalid operation
error: Apr-13-2023 11:50:11: 	invalid operation
error: Apr-13-2023 11:50:11: 	invalid operation
error: Apr-13-2023 11:50:12: 	invalid operation
error: Apr-13-2023 11:50:12: 	invalid operation
error: Apr-13-2023 11:50:12: 	invalid operation
error: Apr-13-2023 11:50:12: 	invalid operation
error: Apr-13-2023 11:50:12: 	invalid operation
error: Apr-13-2023 11:50:12: 	invalid operation
error: Apr-13-2023 11:50:12: 	invalid operation
error: Apr-13-2023 11:50:13: 	invalid operation
error: Apr-13-2023 11:50:13: 	invalid operation
error: Apr-13-2023 11:50:13: 	invalid operation
error: Apr-13-2023 11:50:13: 	invalid operation
error: Apr-13-2023 11:50:13: 	invalid operation
error: Apr-13-2023 11:50:13: 	invalid operation
error: Apr-13-2023 11:50:13: 	invalid operation
error: Apr-13-2023 11:50:13: 	invalid operation
error: Apr-13-2023 11:50:13: 	invalid operation
error: Apr-13-2023 11:50:13: 	invalid operation
error: Apr-13-2023 11:50:14: 	invalid operation
error: Apr-13-2023 11:50:14: 	invalid operation
error: Apr-13-2023 11:50:14: 	invalid operation
error: Apr-13-2023 11:50:14: 	invalid operation
error: Apr-13-2023 11:50:14: 	invalid operation
error: Apr-13-2023 11:50:14: 	invalid operation
error: Apr-13-2023 11:50:14: 	invalid operation
error: Apr-13-2023 11:50:14: 	invalid operation
error: Apr-13-2023 11:50:14: 	invalid operation
error: Apr-13-2023 11:50:14: 	invalid operation
error: Apr-13-2023 11:50:14: 	invalid operation
error: Apr-13-2023 11:50:14: 	invalid operation
error: Apr-13-2023 11:50:15: 	invalid operation
error: Apr-13-2023 11:50:15: 	invalid operation
error: Apr-13-2023 11:50:15: 	invalid operation
error: Apr-13-2023 11:50:15: 	invalid operation
error: Apr-13-2023 11:50:15: 	invalid operation
error: Apr-13-2023 11:50:15: 	invalid operation
error: Apr-13-2023 11:50:15: 	invalid operation
error: Apr-13-2023 11:50:15: 	invalid operation
error: Apr-13-2023 11:50:15: 	invalid operation
error: Apr-13-2023 11:50:15: 	invalid operation
error: Apr-13-2023 11:50:16: 	invalid operation
error: Apr-13-2023 11:50:16: 	invalid operation
error: Apr-13-2023 11:50:16: 	invalid operation
error: Apr-13-2023 11:50:16: 	invalid operation
error: Apr-13-2023 11:50:16: 	invalid operation
error: Apr-13-2023 11:50:16: 	invalid operation
error: Apr-13-2023 11:50:16: 	invalid operation
error: Apr-13-2023 11:50:16: 	invalid operation
error: Apr-13-2023 11:50:16: 	invalid operation
error: Apr-13-2023 11:50:17: 	invalid operation
error: Apr-13-2023 11:50:17: 	invalid operation
error: Apr-13-2023 11:50:17: 	invalid operation
error: Apr-13-2023 11:50:17: 	invalid operation
error: Apr-13-2023 11:50:17: 	invalid operation
error: Apr-13-2023 11:50:17: 	invalid operation
error: Apr-13-2023 11:50:18: 	invalid operation
error: Apr-13-2023 11:50:18: 	invalid operation
error: Apr-13-2023 11:50:18: 	invalid operation
error: Apr-13-2023 11:50:18: 	invalid operation
error: Apr-13-2023 11:50:19: 	invalid operation
error: Apr-13-2023 11:50:19: 	invalid operation
error: Apr-13-2023 11:50:19: 	invalid operation
error: Apr-13-2023 11:50:19: 	invalid operation
error: Apr-13-2023 11:50:19: 	invalid operation
error: Apr-13-2023 11:50:19: 	invalid operation
error: Apr-13-2023 11:50:19: 	invalid operation
error: Apr-13-2023 11:50:20: 	invalid operation
error: Apr-13-2023 11:50:20: 	invalid operation
error: Apr-13-2023 11:50:20: 	invalid operation
error: Apr-13-2023 11:50:20: 	invalid operation
error: Apr-13-2023 11:50:20: 	invalid operation
error: Apr-13-2023 11:50:20: 	invalid operation
error: Apr-13-2023 11:50:20: 	invalid operation
error: Apr-13-2023 11:50:21: 	invalid operation
error: Apr-13-2023 11:50:21: 	invalid operation
error: Apr-13-2023 11:50:21: 	invalid operation
error: Apr-13-2023 11:50:21: 	invalid operation
error: Apr-13-2023 11:50:21: 	invalid operation
error: Apr-13-2023 11:50:21: 	invalid operation
error: Apr-13-2023 11:50:22: 	invalid operation
error: Apr-13-2023 11:50:22: 	invalid operation
error: Apr-13-2023 11:50:22: 	invalid operation
error: Apr-13-2023 11:50:22: 	invalid operation
error: Apr-13-2023 11:50:22: 	invalid operation
error: Apr-13-2023 11:50:22: 	invalid operation
error: Apr-13-2023 11:50:22: 	invalid operation
error: Apr-13-2023 11:50:23: 	invalid operation
error: Apr-13-2023 11:50:23: 	invalid operation
error: Apr-13-2023 11:50:23: 	invalid operation
error: Apr-13-2023 11:50:23: 	invalid operation
error: Apr-13-2023 11:50:24: 	invalid operation
error: Apr-13-2023 11:50:24: 	invalid operation
error: Apr-13-2023 11:50:24: 	invalid operation
error: Apr-13-2023 11:50:24: 	invalid operation
error: Apr-13-2023 11:50:24: 	invalid operation
error: Apr-13-2023 11:50:24: 	invalid operation
error: Apr-13-2023 11:50:25: 	invalid operation
error: Apr-13-2023 11:50:25: 	invalid operation
error: Apr-13-2023 11:50:25: 	invalid operation
error: Apr-13-2023 11:50:25: 	invalid operation
error: Apr-13-2023 11:50:25: 	invalid operation
error: Apr-13-2023 11:50:25: 	invalid operation
error: Apr-13-2023 11:50:25: 	invalid operation
error: Apr-13-2023 11:50:26: 	invalid operation
error: Apr-13-2023 11:50:26: 	invalid operation
error: Apr-13-2023 11:50:26: 	invalid operation
error: Apr-13-2023 11:50:26: 	invalid operation
error: Apr-13-2023 11:50:26: 	invalid operation
error: Apr-13-2023 11:50:26: 	invalid operation
error: Apr-13-2023 11:50:27: 	invalid operation
error: Apr-13-2023 11:50:27: 	invalid operation
error: Apr-13-2023 11:50:27: 	invalid operation
error: Apr-13-2023 11:50:27: 	invalid operation
error: Apr-13-2023 11:50:27: 	invalid operation
error: Apr-13-2023 11:50:28: 	invalid operation
error: Apr-13-2023 11:50:28: 	invalid operation
error: Apr-13-2023 11:50:28: 	invalid operation
error: Apr-13-2023 11:50:28: 	invalid operation
error: Apr-13-2023 11:50:28: 	invalid operation
error: Apr-13-2023 11:50:28: 	invalid operation
error: Apr-13-2023 11:50:28: 	invalid operation
error: Apr-13-2023 11:50:29: 	invalid operation
error: Apr-13-2023 11:50:29: 	invalid operation
error: Apr-13-2023 11:50:29: 	invalid operation
error: Apr-13-2023 11:50:29: 	invalid operation
error: Apr-13-2023 11:50:30: 	invalid operation
error: Apr-13-2023 11:50:30: 	invalid operation
error: Apr-13-2023 11:50:30: 	invalid operation
error: Apr-13-2023 11:50:30: 	invalid operation
error: Apr-13-2023 11:50:30: 	invalid operation
error: Apr-13-2023 11:50:30: 	invalid operation
error: Apr-13-2023 11:50:31: 	invalid operation
error: Apr-13-2023 11:50:31: 	invalid operation
error: Apr-13-2023 11:50:31: 	invalid operation
error: Apr-13-2023 11:50:31: 	invalid operation
error: Apr-13-2023 11:50:31: 	invalid operation
error: Apr-13-2023 11:50:31: 	invalid operation
error: Apr-13-2023 11:50:32: 	invalid operation
error: Apr-13-2023 11:50:32: 	invalid operation
error: Apr-13-2023 11:50:32: 	invalid operation
error: Apr-13-2023 11:50:33: 	invalid operation
error: Apr-13-2023 11:50:33: 	invalid operation
error: Apr-13-2023 11:50:33: 	invalid operation
error: Apr-13-2023 11:50:33: 	invalid operation
error: Apr-13-2023 11:50:33: 	invalid operation
error: Apr-13-2023 11:50:33: 	invalid operation
error: Apr-13-2023 11:50:33: 	invalid operation
error: Apr-13-2023 11:50:33: 	invalid operation
error: Apr-13-2023 11:50:34: 	invalid operation
error: Apr-13-2023 11:50:34: 	invalid operation
error: Apr-13-2023 11:50:34: 	invalid operation
error: Apr-13-2023 11:50:34: 	invalid operation
error: Apr-13-2023 11:50:34: 	invalid operation
error: Apr-13-2023 11:50:34: 	invalid operation
error: Apr-13-2023 11:50:35: 	invalid operation
error: Apr-13-2023 11:50:35: 	invalid operation
error: Apr-13-2023 11:50:35: 	invalid operation
error: Apr-13-2023 11:50:35: 	invalid operation
error: Apr-13-2023 11:50:35: 	invalid operation
error: Apr-13-2023 11:50:36: 	invalid operation
error: Apr-13-2023 11:50:36: 	invalid operation
error: Apr-13-2023 11:50:36: 	invalid operation
error: Apr-13-2023 11:50:36: 	invalid operation
error: Apr-13-2023 11:50:36: 	invalid operation
error: Apr-13-2023 11:50:36: 	invalid operation
error: Apr-13-2023 11:50:37: 	invalid operation
error: Apr-13-2023 11:50:37: 	invalid operation
error: Apr-13-2023 11:50:37: 	invalid operation
error: Apr-13-2023 11:50:37: 	invalid operation
error: Apr-13-2023 11:50:37: 	invalid operation
error: Apr-13-2023 11:50:37: 	invalid operation
error: Apr-13-2023 11:50:38: 	invalid operation
error: Apr-13-2023 11:50:38: 	invalid operation
error: Apr-13-2023 11:50:38: 	invalid operation
error: Apr-13-2023 11:50:38: 	invalid operation
error: Apr-13-2023 11:50:38: 	invalid operation
error: Apr-13-2023 11:50:39: 	invalid operation
error: Apr-13-2023 11:50:39: 	invalid operation
error: Apr-13-2023 11:59:24: 	invalid operation
error: Apr-13-2023 11:59:27: 	invalid operation
error: Apr-13-2023 11:59:28: 	invalid operation
error: Apr-13-2023 11:59:30: 	invalid operation
error: Apr-13-2023 11:59:35: 	invalid operation
error: Apr-13-2023 11:59:41: 	invalid operation
error: Apr-13-2023 11:59:46: 	invalid operation
error: Apr-13-2023 11:59:52: 	invalid operation
error: Apr-13-2023 11:59:58: 	invalid operation
error: Apr-13-2023 12:00:03: 	invalid operation
error: Apr-13-2023 12:00:09: 	invalid operation
